2025-03-24 13:34:04,875 DEBUG    root            Loaded Command Group: ['gcloud', 'init']
2025-03-24 13:34:04,877 DEBUG    root            Running [gcloud.init] with arguments: []
2025-03-24 13:34:04,877 INFO     ___FILE_ONLY___ Welcome! This command will take you through the configuration of gcloud.


2025-03-24 13:34:04,878 INFO     ___FILE_ONLY___ Your current configuration has been set to: [default]


2025-03-24 13:34:04,878 INFO     ___FILE_ONLY___ You can skip diagnostics next time by using the following flag:

2025-03-24 13:34:04,878 INFO     ___FILE_ONLY___   gcloud init --skip-diagnostics


2025-03-24 13:34:04,878 INFO     ___FILE_ONLY___ Network diagnostic detects and fixes local network connection issues.

2025-03-24 13:34:04,879 INFO     ___FILE_ONLY___ Checking network connection...
2025-03-24 13:34:05,466 DEBUG    urllib3.connectionpool Starting new HTTPS connection (1): accounts.google.com:443
2025-03-24 13:34:05,531 DEBUG    urllib3.connectionpool https://accounts.google.com:443 "GET / HTTP/1.1" 302 365
2025-03-24 13:34:05,556 DEBUG    urllib3.connectionpool https://accounts.google.com:443 "GET /ServiceLogin?passive=1209600&continue=https%3A%2F%2Faccounts.google.com%2F&followup=https%3A%2F%2Faccounts.google.com%2F HTTP/1.1" 302 0
2025-03-24 13:34:05,598 DEBUG    urllib3.connectionpool https://accounts.google.com:443 "GET /InteractiveLogin?continue=https://accounts.google.com/&followup=https://accounts.google.com/&passive=1209600&ifkv=AXH0vVuUToTv2I1AeVZfcXNrNcbX5yl2rJsmo7CQxP_MStd4KggSvv9iBsI3O6k1AQwsomdoyWRh7w HTTP/1.1" 302 553
2025-03-24 13:34:05,676 DEBUG    urllib3.connectionpool https://accounts.google.com:443 "GET /v3/signin/identifier?continue=https%3A%2F%2Faccounts.google.com%2F&followup=https%3A%2F%2Faccounts.google.com%2F&ifkv=AXH0vVtlBmRJJFO10g_2DV8pPQ_U0xuMkstupFGWFtyJ6UvolCzPCN4C72sksHgYHfpmC3JcG5DZnw&passive=1209600&flowName=WebLiteSignIn&flowEntry=ServiceLogin&dsh=S370315992%3A1742848445581953 HTTP/1.1" 200 None
2025-03-24 13:34:05,757 DEBUG    urllib3.connectionpool Starting new HTTPS connection (1): cloudresourcemanager.googleapis.com:443
2025-03-24 13:34:05,869 DEBUG    urllib3.connectionpool https://cloudresourcemanager.googleapis.com:443 "GET /v1beta1/projects HTTP/1.1" 401 None
2025-03-24 13:34:05,872 DEBUG    urllib3.connectionpool Starting new HTTPS connection (1): www.googleapis.com:443
2025-03-24 13:34:05,928 DEBUG    urllib3.connectionpool https://www.googleapis.com:443 "GET /auth/cloud-platform HTTP/1.1" 200 14
2025-03-24 13:34:05,931 DEBUG    urllib3.connectionpool Starting new HTTPS connection (1): dl.google.com:443
2025-03-24 13:34:05,992 DEBUG    urllib3.connectionpool https://dl.google.com:443 "GET /dl/cloudsdk/channels/rapid/components-2.json HTTP/1.1" 200 226134
2025-03-24 13:34:06,081 INFO     ___FILE_ONLY___ Reachability Check passed.

2025-03-24 13:34:06,081 INFO     ___FILE_ONLY___ Network diagnostic passed (1/1 checks passed).


2025-03-24 13:34:06,086 DEBUG    root            Loaded Command Group: ['gcloud', 'auth']
2025-03-24 13:34:06,092 DEBUG    root            Loaded Command Group: ['gcloud', 'auth', 'login']
2025-03-24 13:34:06,098 INFO     root            Executing: [gcloud auth login --force --brief]
2025-03-24 13:34:06,099 DEBUG    root            Running [gcloud.auth.login] with arguments: [--brief: "True", --force: "True"]
2025-03-24 13:34:06,109 DEBUG    requests_oauthlib.oauth2_session Generated new state E3K4xX3Hf1DjUMld9Y4BgEG5Gc3Jde.
2025-03-24 13:34:08,347 INFO     ___FILE_ONLY___ Your browser has been opened to visit:

    https://accounts.google.com/o/oauth2/auth?response_type=code&client_id=32555940559.apps.googleusercontent.com&redirect_uri=http%3A%2F%2Flocalhost%3A8085%2F&scope=openid+https%3A%2F%2Fwww.googleapis.com%2Fauth%2Fuserinfo.email+https%3A%2F%2Fwww.googleapis.com%2Fauth%2Fcloud-platform+https%3A%2F%2Fwww.googleapis.com%2Fauth%2Fappengine.admin+https%3A%2F%2Fwww.googleapis.com%2Fauth%2Fsqlservice.login+https%3A%2F%2Fwww.googleapis.com%2Fauth%2Fcompute+https%3A%2F%2Fwww.googleapis.com%2Fauth%2Faccounts.reauth&state=E3K4xX3Hf1DjUMld9Y4BgEG5Gc3Jde&access_type=offline&code_challenge=9a8oIb7trBVJ4xrZFwrWOqD4LcUFQsTaK4gXovJ7hNc&code_challenge_method=S256


2025-03-24 13:34:21,982 INFO     google_auth_oauthlib.flow "GET /?state=E3K4xX3Hf1DjUMld9Y4BgEG5Gc3Jde&code=4/0AQSTgQFE48TaDRmJ39vr9eNyCo9ZqEeJHbPP4pEuBwa8lPDynTYRy9r_QcuIrnThvJ1zBg&scope=email%20openid%20https://www.googleapis.com/auth/userinfo.email%20https://www.googleapis.com/auth/cloud-platform%20https://www.googleapis.com/auth/appengine.admin%20https://www.googleapis.com/auth/sqlservice.login%20https://www.googleapis.com/auth/compute%20https://www.googleapis.com/auth/accounts.reauth&authuser=3&hd=allenai.org&prompt=consent HTTP/1.1" 200 959
2025-03-24 13:34:21,983 DEBUG    requests_oauthlib.oauth2_session Requesting url https://oauth2.googleapis.com/token using method POST.
2025-03-24 13:34:21,983 DEBUG    requests_oauthlib.oauth2_session Supplying headers {b'Accept': b'application/json', b'Content-Type': b'application/x-www-form-urlencoded;charset=UTF-8', b'user-agent': b'google-cloud-sdk gcloud/456.0.0 command/gcloud.auth.login invocation-id/f2b5a64e28984dad8f7ebc544c555a69 environment/None environment-version/None client-os/LINUX client-os-ver/5.15.0 client-pltf-arch/x86_64 interactive/True from-script/False python/3.11.6 term/xterm-256color (Linux 5.15.0-60-generic)'} and data {'grant_type': 'authorization_code', 'client_id': '32555940559.apps.googleusercontent.com', 'client_secret': 'ZmssLNjJy2998hD4CTg2ejr2', 'code': '4/0AQSTgQFE48TaDRmJ39vr9eNyCo9ZqEeJHbPP4pEuBwa8lPDynTYRy9r_QcuIrnThvJ1zBg', 'redirect_uri': 'http://localhost:8085/', 'code_verifier': '85gT7spfBSp~s.uckP~~9-fsJh~Np8c-GjC86Sr7kcP7Sc01xjXhZAsg7HN2lkRCL9Gh-stukNCMYwQUL9-y~ryl1x6GKyvQBxqO6avRBKs_CbSDGxvVILA9YuSThId0'}
2025-03-24 13:34:21,983 DEBUG    requests_oauthlib.oauth2_session Passing through key word arguments {'json': None, 'timeout': None, 'auth': None, 'verify': None, 'proxies': None}.
2025-03-24 13:34:21,985 DEBUG    urllib3.connectionpool Starting new HTTPS connection (1): oauth2.googleapis.com:443
2025-03-24 13:34:22,098 DEBUG    urllib3.connectionpool https://oauth2.googleapis.com:443 "POST /token HTTP/1.1" 200 None
2025-03-24 13:34:22,098 DEBUG    requests_oauthlib.oauth2_session Prepared fetch token request body grant_type=authorization_code&client_id=32555940559.apps.googleusercontent.com&client_secret=ZmssLNjJy2998hD4CTg2ejr2&code=4%2F0AQSTgQFE48TaDRmJ39vr9eNyCo9ZqEeJHbPP4pEuBwa8lPDynTYRy9r_QcuIrnThvJ1zBg&redirect_uri=http%3A%2F%2Flocalhost%3A8085%2F&code_verifier=85gT7spfBSp~s.uckP~~9-fsJh~Np8c-GjC86Sr7kcP7Sc01xjXhZAsg7HN2lkRCL9Gh-stukNCMYwQUL9-y~ryl1x6GKyvQBxqO6avRBKs_CbSDGxvVILA9YuSThId0
2025-03-24 13:34:22,099 DEBUG    requests_oauthlib.oauth2_session Request to fetch token completed with status 200.
2025-03-24 13:34:22,099 DEBUG    requests_oauthlib.oauth2_session Request headers were {'user-agent': b'google-cloud-sdk gcloud/456.0.0 command/gcloud.auth.login invocation-id/f2b5a64e28984dad8f7ebc544c555a69 environment/None environment-version/None client-os/LINUX client-os-ver/5.15.0 client-pltf-arch/x86_64 interactive/True from-script/False python/3.11.6 term/xterm-256color (Linux 5.15.0-60-generic)', 'Accept-Encoding': 'gzip, deflate', 'Accept': b'application/json', 'Connection': 'keep-alive', 'Content-Type': b'application/x-www-form-urlencoded;charset=UTF-8', 'Content-Length': '387'}
2025-03-24 13:34:22,099 DEBUG    requests_oauthlib.oauth2_session Request body was grant_type=authorization_code&client_id=32555940559.apps.googleusercontent.com&client_secret=ZmssLNjJy2998hD4CTg2ejr2&code=4%2F0AQSTgQFE48TaDRmJ39vr9eNyCo9ZqEeJHbPP4pEuBwa8lPDynTYRy9r_QcuIrnThvJ1zBg&redirect_uri=http%3A%2F%2Flocalhost%3A8085%2F&code_verifier=85gT7spfBSp~s.uckP~~9-fsJh~Np8c-GjC86Sr7kcP7Sc01xjXhZAsg7HN2lkRCL9Gh-stukNCMYwQUL9-y~ryl1x6GKyvQBxqO6avRBKs_CbSDGxvVILA9YuSThId0
2025-03-24 13:34:22,099 DEBUG    requests_oauthlib.oauth2_session Response headers were {'Date': 'Mon, 24 Mar 2025 20:34:22 GMT', 'Pragma': 'no-cache', 'Cache-Control': 'no-cache, no-store, max-age=0, must-revalidate', 'Expires': 'Mon, 01 Jan 1990 00:00:00 GMT', 'Content-Type': 'application/json; charset=utf-8', 'Vary': 'Origin, X-Origin, Referer', 'Content-Encoding': 'gzip', 'Server': 'scaffolding on HTTPServer2', 'X-XSS-Protection': '0', 'X-Frame-Options': 'SAMEORIGIN', 'X-Content-Type-Options': 'nosniff', 'Alt-Svc': 'h3=":443"; ma=2592000,h3-29=":443"; ma=2592000', 'Transfer-Encoding': 'chunked'} and content {
  "access_token": "ya29.a0AeXRPp6RIWKJoq7V8clErbfEUqpllonNch5vABsKbKgM6oOM8mCrCTpH52Mx_hnyBNhbZu02uUCnUQ2lp-r9uifDhI_CiV-2R7NgKVkorG-1kW6erftlR83zgWrOPZ5K3fZ21dQWpTtJ8o8divV9-v3RDvGcaw34CO2bxnzsQooziQaCgYKAZkSARMSFQHGX2MizkLpseQHoJRLHV0SRXaKvA0181",
  "expires_in": 3599,
  "refresh_token": "1//0fgNJ_fTezAuJCgYIARAAGA8SNwF-L9Ir9EJNhwX0gRIG3Qozst4jCjr1aEzdCusKZchLQHW4qNY2xOBC-OQku8T4eySvGAzdO_4",
  "scope": "https://www.googleapis.com/auth/userinfo.email openid https://www.googleapis.com/auth/accounts.reauth https://www.googleapis.com/auth/compute https://www.googleapis.com/auth/cloud-platform https://www.googleapis.com/auth/sqlservice.login https://www.googleapis.com/auth/appengine.admin",
  "token_type": "Bearer",
  "id_token": "eyJhbGciOiJSUzI1NiIsImtpZCI6ImVlMTkzZDQ2NDdhYjRhMzU4NWFhOWIyYjNiNDg0YTg3YWE2OGJiNDIiLCJ0eXAiOiJKV1QifQ.eyJpc3MiOiJodHRwczovL2FjY291bnRzLmdvb2dsZS5jb20iLCJhenAiOiIzMjU1NTk0MDU1OS5hcHBzLmdvb2dsZXVzZXJjb250ZW50LmNvbSIsImF1ZCI6IjMyNTU1OTQwNTU5LmFwcHMuZ29vZ2xldXNlcmNvbnRlbnQuY29tIiwic3ViIjoiMTA1NTU2NjgxOTc4NTA1ODEwODQyIiwiaGQiOiJhbGxlbmFpLm9yZyIsImVtYWlsIjoiamlleXV6QGFsbGVuYWkub3JnIiwiZW1haWxfdmVyaWZpZWQiOnRydWUsImF0X2hhc2giOiItNXdJVFdCQWx0YU1NX1prZXZsRFNBIiwiaWF0IjoxNzQyODQ4NDYyLCJleHAiOjE3NDI4NTIwNjJ9.PanT3Lu3U0bksADoLfJgKDl7KERtIyum0JNND2TRc1bz4pWVCDR7qrCL06QdQ1P7xVCJnjTaVKbERs6i6xmQzTh-40TTxsvTbQyOJvrR9JnURWAYhvOaR6OLv8NeymKfb13qGs92RwMtKbglYWoOTmz1Umnu3NHmEWffEo7KTpVRUoQUMfTCgq6_CL2vt_sADtj-lKTXMMJzoKKGtR2UNjLdKuX1A6nFVur4lxOKV0oKNzfR_E1pY0bhtiG6FBNXENp2oTsXNiBdtlJRsDnpnUB7PLbriNaaUDrqYald1cwJQzK9es2rxGBXQFJTV03EF9mRy95qVMKzGK-ucerfWw"
}.
2025-03-24 13:34:22,099 DEBUG    requests_oauthlib.oauth2_session Invoking 0 token response hooks.
2025-03-24 13:34:22,099 DEBUG    requests_oauthlib.oauth2_session Obtained token {'access_token': 'ya29.a0AeXRPp6RIWKJoq7V8clErbfEUqpllonNch5vABsKbKgM6oOM8mCrCTpH52Mx_hnyBNhbZu02uUCnUQ2lp-r9uifDhI_CiV-2R7NgKVkorG-1kW6erftlR83zgWrOPZ5K3fZ21dQWpTtJ8o8divV9-v3RDvGcaw34CO2bxnzsQooziQaCgYKAZkSARMSFQHGX2MizkLpseQHoJRLHV0SRXaKvA0181', 'expires_in': 3599, 'refresh_token': '1//0fgNJ_fTezAuJCgYIARAAGA8SNwF-L9Ir9EJNhwX0gRIG3Qozst4jCjr1aEzdCusKZchLQHW4qNY2xOBC-OQku8T4eySvGAzdO_4', 'scope': ['https://www.googleapis.com/auth/userinfo.email', 'openid', 'https://www.googleapis.com/auth/accounts.reauth', 'https://www.googleapis.com/auth/compute', 'https://www.googleapis.com/auth/cloud-platform', 'https://www.googleapis.com/auth/sqlservice.login', 'https://www.googleapis.com/auth/appengine.admin'], 'token_type': 'Bearer', 'id_token': 'eyJhbGciOiJSUzI1NiIsImtpZCI6ImVlMTkzZDQ2NDdhYjRhMzU4NWFhOWIyYjNiNDg0YTg3YWE2OGJiNDIiLCJ0eXAiOiJKV1QifQ.eyJpc3MiOiJodHRwczovL2FjY291bnRzLmdvb2dsZS5jb20iLCJhenAiOiIzMjU1NTk0MDU1OS5hcHBzLmdvb2dsZXVzZXJjb250ZW50LmNvbSIsImF1ZCI6IjMyNTU1OTQwNTU5LmFwcHMuZ29vZ2xldXNlcmNvbnRlbnQuY29tIiwic3ViIjoiMTA1NTU2NjgxOTc4NTA1ODEwODQyIiwiaGQiOiJhbGxlbmFpLm9yZyIsImVtYWlsIjoiamlleXV6QGFsbGVuYWkub3JnIiwiZW1haWxfdmVyaWZpZWQiOnRydWUsImF0X2hhc2giOiItNXdJVFdCQWx0YU1NX1prZXZsRFNBIiwiaWF0IjoxNzQyODQ4NDYyLCJleHAiOjE3NDI4NTIwNjJ9.PanT3Lu3U0bksADoLfJgKDl7KERtIyum0JNND2TRc1bz4pWVCDR7qrCL06QdQ1P7xVCJnjTaVKbERs6i6xmQzTh-40TTxsvTbQyOJvrR9JnURWAYhvOaR6OLv8NeymKfb13qGs92RwMtKbglYWoOTmz1Umnu3NHmEWffEo7KTpVRUoQUMfTCgq6_CL2vt_sADtj-lKTXMMJzoKKGtR2UNjLdKuX1A6nFVur4lxOKV0oKNzfR_E1pY0bhtiG6FBNXENp2oTsXNiBdtlJRsDnpnUB7PLbriNaaUDrqYald1cwJQzK9es2rxGBXQFJTV03EF9mRy95qVMKzGK-ucerfWw', 'expires_at': 1742852061.0996907}.
2025-03-24 13:34:22,104 DEBUG    root            Chosen display Format:none
2025-03-24 13:34:22,104 INFO     root            Display format: "none"
2025-03-24 13:34:22,105 DEBUG    root            SDK update checks are disabled.
2025-03-24 13:34:22,108 INFO     ___FILE_ONLY___ You are logged in as: [jieyuz@allenai.org].


2025-03-24 13:34:22,125 DEBUG    urllib3.connectionpool Starting new HTTPS connection (1): cloudresourcemanager.googleapis.com:443
2025-03-24 13:34:22,373 DEBUG    urllib3.connectionpool https://cloudresourcemanager.googleapis.com:443 "GET /v1/projects?alt=json&filter=lifecycleState%3AACTIVE&pageSize=201 HTTP/1.1" 200 None
2025-03-24 13:35:42,998 INFO     ___FILE_ONLY___ Your current project has been set to: [ai2-prior-satlas].


2025-03-24 13:35:43,030 DEBUG    root            Loaded Command Group: ['gcloud', 'compute']
2025-03-24 13:35:43,036 DEBUG    root            Loaded Command Group: ['gcloud', 'compute', 'project_info']
2025-03-24 13:35:43,044 DEBUG    root            Loaded Command Group: ['gcloud', 'compute', 'project-info', 'describe']
2025-03-24 13:35:43,046 INFO     root            Executing: [gcloud compute project-info describe --quiet]
2025-03-24 13:35:43,048 DEBUG    root            Running [gcloud.compute.project-info.describe] with arguments: [--no-user-output-enabled: "false", --quiet: "True", --verbosity: "none"]
2025-03-24 13:35:43,227 DEBUG    urllib3.connectionpool Starting new HTTPS connection (1): compute.googleapis.com:443
2025-03-24 13:35:43,543 DEBUG    urllib3.connectionpool https://compute.googleapis.com:443 "GET /compute/v1/projects/ai2-prior-satlas?alt=json HTTP/1.1" 200 None
2025-03-24 13:35:43,548 INFO     root            Display disabled.
2025-03-24 13:35:43,549 DEBUG    root            SDK update checks are disabled.
2025-03-24 13:35:49,634 DEBUG    root            Executing command: ['/usr/lib/google-cloud-sdk/bin/gsutil', 'config', '-n', '-o', '/root/.boto']
2025-03-24 13:35:50,742 DEBUG    ___FILE_ONLY___ 
2025-03-24 13:35:50,742 DEBUG    ___FILE_ONLY___ This command will create a boto config file at /root/.boto containing
your credentials, based on your responses to the following questions.

Boto config file "/root/.boto" created. If you need to use a proxy to
access the Internet please see the instructions in that file.

2025-03-24 13:35:50,742 INFO     ___FILE_ONLY___ Created a default .boto configuration file at [/root/.boto]. See this file and
[https://cloud.google.com/storage/docs/gsutil/commands/config] for more
information about configuring Google Cloud Storage.

2025-03-24 13:35:50,742 INFO     ___FILE_ONLY___ Your Google Cloud SDK is configured and ready to use!


2025-03-24 13:35:50,742 INFO     ___FILE_ONLY___ * Commands that require authentication will use jieyuz@allenai.org by default

2025-03-24 13:35:50,742 INFO     ___FILE_ONLY___ * Commands will reference project `ai2-prior-satlas` by default

2025-03-24 13:35:50,742 INFO     ___FILE_ONLY___ Run `gcloud help config` to learn how to change individual settings


2025-03-24 13:35:50,742 INFO     ___FILE_ONLY___ This gcloud configuration is called [default]. You can create additional configurations if you work with multiple accounts and/or projects.

2025-03-24 13:35:50,742 INFO     ___FILE_ONLY___ Run `gcloud topic configurations` to learn more.


2025-03-24 13:35:50,742 INFO     ___FILE_ONLY___ Some things to try next:


2025-03-24 13:35:50,743 INFO     ___FILE_ONLY___ * Run `gcloud --help` to see the Cloud Platform services you can interact with. And run `gcloud help COMMAND` to get help on any gcloud command.

2025-03-24 13:35:50,743 INFO     ___FILE_ONLY___ * Run `gcloud topic --help` to learn about advanced features of the SDK like arg files and output formatting

2025-03-24 13:35:50,743 INFO     ___FILE_ONLY___ * Run `gcloud cheat-sheet` to see a roster of go-to `gcloud` commands.

2025-03-24 13:35:50,743 DEBUG    root            Chosen display Format:default
2025-03-24 13:35:50,743 INFO     root            Display format: "default"
2025-03-24 13:35:50,743 DEBUG    root            SDK update checks are disabled.
