2025-03-24 13:44:50,205 ERROR    root            (gcloud) Command name argument expected.
2025-03-24 13:44:50,206 DEBUG    root            No implementation for release track [GA] for element: [/usr/lib/google-cloud-sdk/lib/surface/microservices]
2025-03-24 13:44:50,206 DEBUG    root            Loaded Command Group: ['gcloud', 'batch']
2025-03-24 13:44:50,208 DEBUG    root            Loaded Command Group: ['gcloud', 'composer']
2025-03-24 13:44:50,209 DEBUG    root            Loaded Command Group: ['gcloud', 'deploy']
2025-03-24 13:44:50,210 DEBUG    root            Loaded Command Group: ['gcloud', 'tasks']
2025-03-24 13:44:50,212 DEBUG    root            Loaded Command Group: ['gcloud', 'netapp']
2025-03-24 13:44:50,213 DEBUG    root            Loaded Command Group: ['gcloud', 'monitoring']
2025-03-24 13:44:50,215 DEBUG    root            Loaded Command Group: ['gcloud', 'auth']
2025-03-24 13:44:50,216 DEBUG    root            No implementation for release track [GA] for element: [/usr/lib/google-cloud-sdk/lib/surface/resource_config]
2025-03-24 13:44:50,216 DEBUG    root            Loaded Command Group: ['gcloud', 'topic']
2025-03-24 13:44:50,218 DEBUG    root            Loaded Command Group: ['gcloud', 'healthcare']
2025-03-24 13:44:50,219 DEBUG    root            Loaded Command Group: ['gcloud', 'backup_dr']
2025-03-24 13:44:50,221 DEBUG    root            No implementation for release track [GA] for element: [/usr/lib/google-cloud-sdk/lib/surface/media]
2025-03-24 13:44:50,221 DEBUG    root            Loaded Command Group: ['gcloud', 'policy_troubleshoot']
2025-03-24 13:44:50,222 DEBUG    root            Loaded Command Group: ['gcloud', 'endpoints']
2025-03-24 13:44:50,223 DEBUG    root            Loaded Command Group: ['gcloud', 'bms']
2025-03-24 13:44:50,225 DEBUG    root            Loaded Command Group: ['gcloud', 'essential_contacts']
2025-03-24 13:44:50,226 DEBUG    root            Loaded Command Group: ['gcloud', 'edge_cache']
2025-03-24 13:44:50,227 DEBUG    root            No implementation for release track [GA] for element: [/usr/lib/google-cloud-sdk/lib/surface/quotas]
2025-03-24 13:44:50,227 DEBUG    root            Loaded Command Group: ['gcloud', 'components']
2025-03-24 13:44:50,229 DEBUG    root            Loaded Command Group: ['gcloud', 'policy_intelligence']
2025-03-24 13:44:50,230 DEBUG    root            Loaded Command Group: ['gcloud', 'recaptcha']
2025-03-24 13:44:50,231 DEBUG    root            No implementation for release track [GA] for element: [/usr/lib/google-cloud-sdk/lib/surface/service_extensions]
2025-03-24 13:44:50,232 DEBUG    root            No implementation for release track [GA] for element: [/usr/lib/google-cloud-sdk/lib/surface/authz_toolkit]
2025-03-24 13:44:50,232 DEBUG    root            No implementation for release track [GA] for element: [/usr/lib/google-cloud-sdk/lib/surface/trace]
2025-03-24 13:44:50,232 DEBUG    root            Loaded Command Group: ['gcloud', 'workstations']
2025-03-24 13:44:50,236 DEBUG    root            Loaded Command Group: ['gcloud', 'survey']
2025-03-24 13:44:50,237 DEBUG    root            Loaded Command Group: ['gcloud', 'certificate_manager']
2025-03-24 13:44:50,238 DEBUG    root            Loaded Command Group: ['gcloud', 'pubsub']
2025-03-24 13:44:50,247 DEBUG    root            Loaded Command Group: ['gcloud', 'storage']
2025-03-24 13:44:50,248 DEBUG    root            Loaded Command Group: ['gcloud', 'identity']
2025-03-24 13:44:50,250 DEBUG    root            Loaded Command Group: ['gcloud', 'emulators']
2025-03-24 13:44:50,251 DEBUG    root            Loaded Command Group: ['gcloud', 'redis']
2025-03-24 13:44:50,252 DEBUG    root            Loaded Command Group: ['gcloud', 'resource_manager']
2025-03-24 13:44:50,256 DEBUG    root            Loaded Command Group: ['gcloud', 'info']
2025-03-24 13:44:50,257 DEBUG    root            No implementation for release track [GA] for element: [/usr/lib/google-cloud-sdk/lib/surface/cbrs_spectrum_access]
2025-03-24 13:44:50,257 DEBUG    root            Loaded Command Group: ['gcloud', 'dns']
2025-03-24 13:44:50,259 DEBUG    root            No implementation for release track [GA] for element: [/usr/lib/google-cloud-sdk/lib/surface/lifesciences]
2025-03-24 13:44:50,259 DEBUG    root            No implementation for release track [GA] for element: [/usr/lib/google-cloud-sdk/lib/surface/fault_injection]
2025-03-24 13:44:50,259 DEBUG    root            Loaded Command Group: ['gcloud', 'network_security']
2025-03-24 13:44:50,261 DEBUG    root            Loaded Command Group: ['gcloud', 'spanner']
2025-03-24 13:44:50,262 DEBUG    root            Loaded Command Group: ['gcloud', 'kms']
2025-03-24 13:44:50,264 DEBUG    root            Loaded Command Group: ['gcloud', 'recommender']
2025-03-24 13:44:50,265 DEBUG    root            No implementation for release track [GA] for element: [/usr/lib/google-cloud-sdk/lib/surface/web_security_scanner]
2025-03-24 13:44:50,266 DEBUG    root            No implementation for release track [GA] for element: [/usr/lib/google-cloud-sdk/lib/surface/data_fusion]
2025-03-24 13:44:50,266 DEBUG    root            Loaded Command Group: ['gcloud', 'alloydb']
2025-03-24 13:44:50,267 DEBUG    root            Loaded Command Group: ['gcloud', 'bigtable']
2025-03-24 13:44:50,269 DEBUG    root            No implementation for release track [GA] for element: [/usr/lib/google-cloud-sdk/lib/surface/blockchain_node_engine]
2025-03-24 13:44:50,269 DEBUG    root            Loaded Command Group: ['gcloud', 'run']
2025-03-24 13:44:50,271 DEBUG    root            Loaded Command Group: ['gcloud', 'filestore']
2025-03-24 13:44:50,273 DEBUG    root            No implementation for release track [GA] for element: [/usr/lib/google-cloud-sdk/lib/surface/code]
2025-03-24 13:44:50,274 DEBUG    root            No implementation for release track [GA] for element: [/usr/lib/google-cloud-sdk/lib/surface/runtime_config]
2025-03-24 13:44:50,274 DEBUG    root            Loaded Command Group: ['gcloud', 'workspace_add_ons']
2025-03-24 13:44:50,275 DEBUG    root            Loaded Command Group: ['gcloud', 'transfer']
2025-03-24 13:44:50,276 DEBUG    root            Loaded Command Group: ['gcloud', 'iot']
2025-03-24 13:44:50,278 DEBUG    root            Loaded Command Group: ['gcloud', 'iap']
2025-03-24 13:44:50,279 DEBUG    root            Loaded Command Group: ['gcloud', 'immersive_stream']
2025-03-24 13:44:50,280 DEBUG    root            Loaded Command Group: ['gcloud', 'version']
2025-03-24 13:44:50,281 DEBUG    root            Loaded Command Group: ['gcloud', 'scheduler']
2025-03-24 13:44:50,282 DEBUG    root            No implementation for release track [GA] for element: [/usr/lib/google-cloud-sdk/lib/surface/dataproc_gdc]
2025-03-24 13:44:50,283 DEBUG    root            Loaded Command Group: ['gcloud', 'asset']
2025-03-24 13:44:50,284 DEBUG    root            Loaded Command Group: ['gcloud', 'dataproc']
2025-03-24 13:44:50,286 DEBUG    root            Loaded Command Group: ['gcloud', 'infra_manager']
2025-03-24 13:44:50,287 DEBUG    root            Loaded Command Group: ['gcloud', 'access_approval']
2025-03-24 13:44:50,288 DEBUG    root            Loaded Command Group: ['gcloud', 'privateca']
2025-03-24 13:44:50,289 DEBUG    root            Loaded Command Group: ['gcloud', 'metastore']
2025-03-24 13:44:50,291 DEBUG    root            No implementation for release track [GA] for element: [/usr/lib/google-cloud-sdk/lib/surface/remote_build_execution]
2025-03-24 13:44:50,345 DEBUG    root            Loaded Command Group: ['gcloud', 'builds']
2025-03-24 13:44:50,347 DEBUG    root            No implementation for release track [GA] for element: [/usr/lib/google-cloud-sdk/lib/surface/spectrum_access]
2025-03-24 13:44:50,347 DEBUG    root            Loaded Command Group: ['gcloud', 'service_directory']
2025-03-24 13:44:50,348 DEBUG    root            No implementation for release track [GA] for element: [/usr/lib/google-cloud-sdk/lib/surface/terraform]
2025-03-24 13:44:50,349 DEBUG    root            No implementation for release track [GA] for element: [/usr/lib/google-cloud-sdk/lib/surface/dialogflow]
2025-03-24 13:44:50,349 DEBUG    root            No implementation for release track [GA] for element: [/usr/lib/google-cloud-sdk/lib/surface/beyondcorp]
2025-03-24 13:44:50,349 DEBUG    root            No implementation for release track [GA] for element: [/usr/lib/google-cloud-sdk/lib/surface/dlp]
2025-03-24 13:44:50,350 DEBUG    root            Loaded Command Group: ['gcloud', 'ml']
2025-03-24 13:44:50,351 DEBUG    root            Loaded Command Group: ['gcloud', 'active_directory']
2025-03-24 13:44:50,353 DEBUG    root            Loaded Command Group: ['gcloud', 'config']
2025-03-24 13:44:50,355 DEBUG    root            Loaded Command Group: ['gcloud', 'init']
2025-03-24 13:44:50,356 DEBUG    root            Loaded Command Group: ['gcloud', 'edge_cloud']
2025-03-24 13:44:50,373 DEBUG    root            Loaded Command Group: ['gcloud', 'ai_platform']
2025-03-24 13:44:50,402 DEBUG    root            No implementation for release track [GA] for element: [/usr/lib/google-cloud-sdk/lib/surface/runapps]
2025-03-24 13:44:50,402 DEBUG    root            No implementation for release track [GA] for element: [/usr/lib/google-cloud-sdk/lib/surface/commerce_procurement]
2025-03-24 13:44:50,403 DEBUG    root            Loaded Command Group: ['gcloud', 'eventarc']
2025-03-24 13:44:50,404 DEBUG    root            Loaded Command Group: ['gcloud', 'network_connectivity']
2025-03-24 13:44:50,405 DEBUG    root            No implementation for release track [GA] for element: [/usr/lib/google-cloud-sdk/lib/surface/network_actions]
2025-03-24 13:44:50,408 DEBUG    root            Loaded Command Group: ['gcloud', 'help']
2025-03-24 13:44:50,410 DEBUG    root            No implementation for release track [GA] for element: [/usr/lib/google-cloud-sdk/lib/surface/error_reporting]
2025-03-24 13:44:50,410 DEBUG    root            Loaded Command Group: ['gcloud', 'sql']
2025-03-24 13:44:50,412 DEBUG    root            No implementation for release track [GA] for element: [/usr/lib/google-cloud-sdk/lib/surface/source_manager]
2025-03-24 13:44:50,412 DEBUG    root            Loaded Command Group: ['gcloud', 'scc']
2025-03-24 13:44:50,414 DEBUG    root            Loaded Command Group: ['gcloud', 'cloud_shell']
2025-03-24 13:44:50,415 DEBUG    root            Loaded Command Group: ['gcloud', 'notebooks']
2025-03-24 13:44:50,416 DEBUG    root            Loaded Command Group: ['gcloud', 'source']
2025-03-24 13:44:50,417 DEBUG    root            Loaded Command Group: ['gcloud', 'organizations']
2025-03-24 13:44:50,418 DEBUG    root            Loaded Command Group: ['gcloud', 'projects']
2025-03-24 13:44:50,420 DEBUG    root            Loaded Command Group: ['gcloud', 'network_management']
2025-03-24 13:44:50,421 DEBUG    root            Loaded Command Group: ['gcloud', 'org_policies']
2025-03-24 13:44:50,422 DEBUG    root            Loaded Command Group: ['gcloud', 'ids']
2025-03-24 13:44:50,424 DEBUG    root            Loaded Command Group: ['gcloud', 'assured']
2025-03-24 13:44:50,425 DEBUG    root            No implementation for release track [GA] for element: [/usr/lib/google-cloud-sdk/lib/surface/mps]
2025-03-24 13:44:50,425 DEBUG    root            Loaded Command Group: ['gcloud', 'data_catalog']
2025-03-24 13:44:50,427 DEBUG    root            Loaded Command Group: ['gcloud', 'services']
2025-03-24 13:44:50,428 DEBUG    root            Loaded Command Group: ['gcloud', 'workflows']
2025-03-24 13:44:50,430 DEBUG    root            Loaded Command Group: ['gcloud', 'artifacts']
2025-03-24 13:44:50,431 DEBUG    root            Loaded Command Group: ['gcloud', 'ai']
2025-03-24 13:44:50,434 DEBUG    root            Loaded Command Group: ['gcloud', 'feedback']
2025-03-24 13:44:50,435 DEBUG    root            Loaded Command Group: ['gcloud', 'dataplex']
2025-03-24 13:44:50,436 DEBUG    root            No implementation for release track [GA] for element: [/usr/lib/google-cloud-sdk/lib/surface/orglifecycle]
2025-03-24 13:44:50,437 DEBUG    root            Loaded Command Group: ['gcloud', 'looker']
2025-03-24 13:44:50,481 DEBUG    root            No implementation for release track [GA] for element: [/usr/lib/google-cloud-sdk/lib/surface/interactive]
2025-03-24 13:44:50,481 DEBUG    root            Loaded Command Group: ['gcloud', 'app']
2025-03-24 13:44:50,483 DEBUG    root            Loaded Command Group: ['gcloud', 'dataflow']
2025-03-24 13:44:50,484 DEBUG    root            Loaded Command Group: ['gcloud', 'network_services']
2025-03-24 13:44:50,485 DEBUG    root            Loaded Command Group: ['gcloud', 'anthos']
2025-03-24 13:44:50,487 DEBUG    root            Loaded Command Group: ['gcloud', 'vmware']
2025-03-24 13:44:50,488 DEBUG    root            Loaded Command Group: ['gcloud', 'resource_settings']
2025-03-24 13:44:50,489 DEBUG    root            Loaded Command Group: ['gcloud', 'billing']
2025-03-24 13:44:50,490 DEBUG    root            Loaded Command Group: ['gcloud', 'api_gateway']
2025-03-24 13:44:50,492 DEBUG    root            No implementation for release track [GA] for element: [/usr/lib/google-cloud-sdk/lib/surface/telco_automation]
2025-03-24 13:44:50,492 DEBUG    root            Loaded Command Group: ['gcloud', 'datastore']
2025-03-24 13:44:50,493 DEBUG    root            Loaded Command Group: ['gcloud', 'database_migration']
2025-03-24 13:44:50,495 DEBUG    root            No implementation for release track [GA] for element: [/usr/lib/google-cloud-sdk/lib/surface/genomics]
2025-03-24 13:44:50,512 DEBUG    root            Loaded Command Group: ['gcloud', 'compute']
2025-03-24 13:44:50,514 DEBUG    root            Loaded Command Group: ['gcloud', 'cheat_sheet']
2025-03-24 13:44:50,515 DEBUG    root            No implementation for release track [GA] for element: [/usr/lib/google-cloud-sdk/lib/surface/datapipelines]
2025-03-24 13:44:50,517 DEBUG    root            Loaded Command Group: ['gcloud', 'functions']
2025-03-24 13:44:50,518 DEBUG    root            Loaded Command Group: ['gcloud', 'firestore']
2025-03-24 13:44:50,520 DEBUG    root            No implementation for release track [GA] for element: [/usr/lib/google-cloud-sdk/lib/surface/bq]
2025-03-24 13:44:50,520 DEBUG    root            Loaded Command Group: ['gcloud', 'publicca']
2025-03-24 13:44:50,521 DEBUG    root            Loaded Command Group: ['gcloud', 'access_context_manager']
2025-03-24 13:44:50,523 DEBUG    root            Loaded Command Group: ['gcloud', 'domains']
2025-03-24 13:44:50,524 DEBUG    root            No implementation for release track [GA] for element: [/usr/lib/google-cloud-sdk/lib/surface/parallelstore]
2025-03-24 13:44:50,524 DEBUG    root            Loaded Command Group: ['gcloud', 'iam']
2025-03-24 13:44:50,526 DEBUG    root            Loaded Command Group: ['gcloud', 'logging']
2025-03-24 13:44:50,528 DEBUG    root            Loaded Command Group: ['gcloud', 'memcache']
2025-03-24 13:44:50,529 DEBUG    root            Loaded Command Group: ['gcloud', 'datastream']
2025-03-24 13:44:50,530 DEBUG    root            No implementation for release track [GA] for element: [/usr/lib/google-cloud-sdk/lib/surface/apphub]
2025-03-24 13:44:50,531 DEBUG    root            Loaded Command Group: ['gcloud', 'secrets']
2025-03-24 13:44:50,532 DEBUG    root            Loaded Command Group: ['gcloud', 'unlock']
2025-03-24 13:44:50,533 DEBUG    root            Loaded Command Group: ['gcloud', 'apigee']
2025-03-24 13:44:50,535 DEBUG    root            Loaded Command Group: ['gcloud', 'meta']
2025-03-24 13:44:50,537 DEBUG    root            Loaded Command Group: ['gcloud', 'docker']
2025-03-24 13:44:50,538 DEBUG    root            Loaded Command Group: ['gcloud', 'firebase']
2025-03-24 13:44:50,539 DEBUG    root            Loaded Command Group: ['gcloud', 'deployment_manager']
2025-03-24 13:44:50,541 DEBUG    root            Loaded Command Group: ['gcloud', 'transcoder']
2025-03-24 13:44:50,542 DEBUG    root            Loaded Command Group: ['gcloud', 'ml_engine']
2025-03-24 13:44:50,543 DEBUG    root            Loaded Command Group: ['gcloud', 'workbench']
2025-03-24 13:44:50,544 DEBUG    root            No implementation for release track [GA] for element: [/usr/lib/google-cloud-sdk/lib/surface/kuberun]
2025-03-24 13:44:50,545 DEBUG    root            Chosen display Format:table[no-heading,margin=6,width=80]([0]:label='':align=left:width=22,[1]:label='':align=left:wrap)
2025-03-24 13:44:50,546 DEBUG    root            Chosen display Format:table[no-heading,margin=6,width=80]([0]:label='':align=left:width=22,[1]:label='':align=left:wrap)
2025-03-24 13:44:50,548 DEBUG    root            Chosen display Format:table[no-heading,margin=6,width=80]([0]:label='':align=left:width=22,[1]:label='':align=left:wrap)
2025-03-24 13:44:50,548 DEBUG    root            Chosen display Format:table[no-heading,margin=6,width=80]([0]:label='':align=left:width=22,[1]:label='':align=left:wrap)
2025-03-24 13:44:50,549 DEBUG    root            Chosen display Format:table[no-heading,margin=6,width=80]([0]:label='':align=left:width=22,[1]:label='':align=left:wrap)
2025-03-24 13:44:50,550 DEBUG    root            Chosen display Format:table[no-heading,margin=6,width=80]([0]:label='':align=left:width=22,[1]:label='':align=left:wrap)
2025-03-24 13:44:50,551 DEBUG    root            Chosen display Format:table[no-heading,margin=6,width=80]([0]:label='':align=left:width=22,[1]:label='':align=left:wrap)
2025-03-24 13:44:50,553 DEBUG    root            Chosen display Format:table[no-heading,margin=6,width=80]([0]:label='':align=left:width=22,[1]:label='':align=left:wrap)
2025-03-24 13:44:50,555 DEBUG    root            Chosen display Format:table[no-heading,margin=6,width=80]([0]:label='':align=left:width=22,[1]:label='':align=left:wrap)
2025-03-24 13:44:50,556 DEBUG    root            Chosen display Format:table[no-heading,margin=6,width=80]([0]:label='':align=left:width=22,[1]:label='':align=left:wrap)
2025-03-24 13:44:50,557 DEBUG    root            Chosen display Format:table[no-heading,margin=6,width=80]([0]:label='':align=left:width=22,[1]:label='':align=left:wrap)
2025-03-24 13:44:50,561 DEBUG    root            Chosen display Format:table[no-heading,margin=6,width=80]([0]:label='':align=left:width=22,[1]:label='':align=left:wrap)
2025-03-24 13:44:50,561 DEBUG    root            Chosen display Format:table[no-heading,margin=6,width=80]([0]:label='':align=left:width=22,[1]:label='':align=left:wrap)
2025-03-24 13:44:50,563 DEBUG    root            Chosen display Format:table[no-heading,margin=6,width=80]([0]:label='':align=left:width=22,[1]:label='':align=left:wrap)
2025-03-24 13:44:50,563 DEBUG    root            Chosen display Format:table[no-heading,margin=6,width=80]([0]:label='':align=left:width=22,[1]:label='':align=left:wrap)
2025-03-24 13:44:50,564 DEBUG    root            Chosen display Format:table[no-heading,margin=6,width=80]([0]:label='':align=left:width=22,[1]:label='':align=left:wrap)
2025-03-24 13:44:50,564 DEBUG    root            Chosen display Format:table[no-heading,margin=6,width=80]([0]:label='':align=left:width=22,[1]:label='':align=left:wrap)
2025-03-24 13:44:50,566 DEBUG    root            Chosen display Format:table[no-heading,margin=6,width=80]([0]:label='':align=left:width=22,[1]:label='':align=left:wrap)
2025-03-24 13:44:50,567 DEBUG    root            Chosen display Format:table[no-heading,margin=6,width=80]([0]:label='':align=left:width=22,[1]:label='':align=left:wrap)
2025-03-24 13:44:50,569 DEBUG    root            Chosen display Format:table[no-heading,margin=6,width=80]([0]:label='':align=left:width=22,[1]:label='':align=left:wrap)
2025-03-24 13:44:50,570 DEBUG    root            Chosen display Format:table[no-heading,margin=6,width=80]([0]:label='':align=left:width=22,[1]:label='':align=left:wrap)
2025-03-24 13:44:50,570 DEBUG    root            Chosen display Format:table[no-heading,margin=6,width=80]([0]:label='':align=left:width=22,[1]:label='':align=left:wrap)
2025-03-24 13:44:50,571 DEBUG    root            Chosen display Format:table[no-heading,margin=6,width=80]([0]:label='':align=left:width=22,[1]:label='':align=left:wrap)
2025-03-24 13:44:50,572 DEBUG    root            Chosen display Format:table[no-heading,margin=6,width=80]([0]:label='':align=left:width=22,[1]:label='':align=left:wrap)
2025-03-24 13:44:50,573 DEBUG    root            Chosen display Format:table[no-heading,margin=6,width=80]([0]:label='':align=left:width=22,[1]:label='':align=left:wrap)
2025-03-24 13:44:50,574 DEBUG    root            Chosen display Format:table[no-heading,margin=6,width=80]([0]:label='':align=left:width=22,[1]:label='':align=left:wrap)
2025-03-24 13:44:50,575 DEBUG    root            Chosen display Format:table[no-heading,margin=6,width=80]([0]:label='':align=left:width=22,[1]:label='':align=left:wrap)
