2025-03-24 21:00:34,703 ERROR    root            (gcloud) Command name argument expected.
2025-03-24 21:00:34,704 DEBUG    root            Loaded Command Group: ['gcloud', 'assured']
2025-03-24 21:00:34,705 DEBUG    root            Loaded Command Group: ['gcloud', 'backup_dr']
2025-03-24 21:00:34,706 DEBUG    root            No implementation for release track [GA] for element: [/usr/lib/google-cloud-sdk/lib/surface/microservices]
2025-03-24 21:00:34,707 DEBUG    root            No implementation for release track [GA] for element: [/usr/lib/google-cloud-sdk/lib/surface/service_extensions]
2025-03-24 21:00:34,707 DEBUG    root            Loaded Command Group: ['gcloud', 'iap']
2025-03-24 21:00:34,708 DEBUG    root            No implementation for release track [GA] for element: [/usr/lib/google-cloud-sdk/lib/surface/mps]
2025-03-24 21:00:34,709 DEBUG    root            Loaded Command Group: ['gcloud', 'iam']
2025-03-24 21:00:34,710 DEBUG    root            Loaded Command Group: ['gcloud', 'endpoints']
2025-03-24 21:00:34,711 DEBUG    root            Loaded Command Group: ['gcloud', 'resource_settings']
2025-03-24 21:00:34,712 DEBUG    root            Loaded Command Group: ['gcloud', 'transfer']
2025-03-24 21:00:34,714 DEBUG    root            Loaded Command Group: ['gcloud', 'datastream']
2025-03-24 21:00:34,715 DEBUG    root            Loaded Command Group: ['gcloud', 'logging']
2025-03-24 21:00:34,716 DEBUG    root            Loaded Command Group: ['gcloud', 'projects']
2025-03-24 21:00:34,718 DEBUG    root            No implementation for release track [GA] for element: [/usr/lib/google-cloud-sdk/lib/surface/spectrum_access]
2025-03-24 21:00:34,718 DEBUG    root            Loaded Command Group: ['gcloud', 'recommender']
2025-03-24 21:00:34,719 DEBUG    root            Loaded Command Group: ['gcloud', 'firebase']
2025-03-24 21:00:34,721 DEBUG    root            No implementation for release track [GA] for element: [/usr/lib/google-cloud-sdk/lib/surface/authz_toolkit]
2025-03-24 21:00:34,721 DEBUG    root            Loaded Command Group: ['gcloud', 'pubsub']
2025-03-24 21:00:34,722 DEBUG    root            Loaded Command Group: ['gcloud', 'database_migration']
2025-03-24 21:00:34,724 DEBUG    root            Loaded Command Group: ['gcloud', 'workspace_add_ons']
2025-03-24 21:00:34,726 DEBUG    root            No implementation for release track [GA] for element: [/usr/lib/google-cloud-sdk/lib/surface/code]
2025-03-24 21:00:34,726 DEBUG    root            Loaded Command Group: ['gcloud', 'ids']
2025-03-24 21:00:34,727 DEBUG    root            Loaded Command Group: ['gcloud', 'edge_cloud']
2025-03-24 21:00:34,746 DEBUG    root            Loaded Command Group: ['gcloud', 'ml_engine']
2025-03-24 21:00:34,747 DEBUG    root            No implementation for release track [GA] for element: [/usr/lib/google-cloud-sdk/lib/surface/kuberun]
2025-03-24 21:00:34,748 DEBUG    root            Loaded Command Group: ['gcloud', 'organizations']
2025-03-24 21:00:34,749 DEBUG    root            Loaded Command Group: ['gcloud', 'network_services']
2025-03-24 21:00:34,750 DEBUG    root            Loaded Command Group: ['gcloud', 'tasks']
2025-03-24 21:00:34,754 DEBUG    root            Loaded Command Group: ['gcloud', 'survey']
2025-03-24 21:00:34,755 DEBUG    root            Loaded Command Group: ['gcloud', 'workbench']
2025-03-24 21:00:34,756 DEBUG    root            No implementation for release track [GA] for element: [/usr/lib/google-cloud-sdk/lib/surface/genomics]
2025-03-24 21:00:34,757 DEBUG    root            Loaded Command Group: ['gcloud', 'dataflow']
2025-03-24 21:00:34,758 DEBUG    root            Loaded Command Group: ['gcloud', 'topic']
2025-03-24 21:00:34,760 DEBUG    root            Loaded Command Group: ['gcloud', 'source']
2025-03-24 21:00:34,761 DEBUG    root            Loaded Command Group: ['gcloud', 'metastore']
2025-03-24 21:00:34,762 DEBUG    root            Loaded Command Group: ['gcloud', 'notebooks']
2025-03-24 21:00:34,763 DEBUG    root            No implementation for release track [GA] for element: [/usr/lib/google-cloud-sdk/lib/surface/quotas]
2025-03-24 21:00:34,764 DEBUG    root            Loaded Command Group: ['gcloud', 'run']
2025-03-24 21:00:34,765 DEBUG    root            Loaded Command Group: ['gcloud', 'asset']
2025-03-24 21:00:34,766 DEBUG    root            Loaded Command Group: ['gcloud', 'service_directory']
2025-03-24 21:00:34,768 DEBUG    root            Loaded Command Group: ['gcloud', 'apigee']
2025-03-24 21:00:34,769 DEBUG    root            No implementation for release track [GA] for element: [/usr/lib/google-cloud-sdk/lib/surface/trace]
2025-03-24 21:00:34,770 DEBUG    root            Loaded Command Group: ['gcloud', 'unlock']
2025-03-24 21:00:34,771 DEBUG    root            No implementation for release track [GA] for element: [/usr/lib/google-cloud-sdk/lib/surface/parallelstore]
2025-03-24 21:00:34,771 DEBUG    root            Loaded Command Group: ['gcloud', 'sql']
2025-03-24 21:00:34,773 DEBUG    root            Loaded Command Group: ['gcloud', 'artifacts']
2025-03-24 21:00:34,774 DEBUG    root            Loaded Command Group: ['gcloud', 'filestore']
2025-03-24 21:00:34,775 DEBUG    root            Loaded Command Group: ['gcloud', 'deployment_manager']
2025-03-24 21:00:34,777 DEBUG    root            Loaded Command Group: ['gcloud', 'eventarc']
2025-03-24 21:00:34,778 DEBUG    root            Loaded Command Group: ['gcloud', 'iot']
2025-03-24 21:00:34,779 DEBUG    root            Loaded Command Group: ['gcloud', 'version']
2025-03-24 21:00:34,781 DEBUG    root            No implementation for release track [GA] for element: [/usr/lib/google-cloud-sdk/lib/surface/dialogflow]
2025-03-24 21:00:34,781 DEBUG    root            Loaded Command Group: ['gcloud', 'bigtable']
2025-03-24 21:00:34,782 DEBUG    root            No implementation for release track [GA] for element: [/usr/lib/google-cloud-sdk/lib/surface/orglifecycle]
2025-03-24 21:00:34,783 DEBUG    root            Loaded Command Group: ['gcloud', 'privateca']
2025-03-24 21:00:34,784 DEBUG    root            Loaded Command Group: ['gcloud', 'deploy']
2025-03-24 21:00:34,785 DEBUG    root            Loaded Command Group: ['gcloud', 'api_gateway']
2025-03-24 21:00:34,786 DEBUG    root            No implementation for release track [GA] for element: [/usr/lib/google-cloud-sdk/lib/surface/blockchain_node_engine]
2025-03-24 21:00:34,787 DEBUG    root            Loaded Command Group: ['gcloud', 'cloud_shell']
2025-03-24 21:00:34,788 DEBUG    root            Loaded Command Group: ['gcloud', 'policy_troubleshoot']
2025-03-24 21:00:34,789 DEBUG    root            Loaded Command Group: ['gcloud', 'scheduler']
2025-03-24 21:00:34,790 DEBUG    root            Loaded Command Group: ['gcloud', 'workstations']
2025-03-24 21:00:34,791 DEBUG    root            No implementation for release track [GA] for element: [/usr/lib/google-cloud-sdk/lib/surface/network_actions]
2025-03-24 21:00:34,792 DEBUG    root            Loaded Command Group: ['gcloud', 'edge_cache']
2025-03-24 21:00:34,793 DEBUG    root            Loaded Command Group: ['gcloud', 'services']
2025-03-24 21:00:34,815 DEBUG    root            Loaded Command Group: ['gcloud', 'compute']
2025-03-24 21:00:34,818 DEBUG    root            Loaded Command Group: ['gcloud', 'data_catalog']
2025-03-24 21:00:34,820 DEBUG    root            Loaded Command Group: ['gcloud', 'billing']
2025-03-24 21:00:34,821 DEBUG    root            No implementation for release track [GA] for element: [/usr/lib/google-cloud-sdk/lib/surface/runtime_config]
2025-03-24 21:00:34,822 DEBUG    root            Loaded Command Group: ['gcloud', 'network_management']
2025-03-24 21:00:34,824 DEBUG    root            Loaded Command Group: ['gcloud', 'docker']
2025-03-24 21:00:34,826 DEBUG    root            Loaded Command Group: ['gcloud', 'ai']
2025-03-24 21:00:34,827 DEBUG    root            Loaded Command Group: ['gcloud', 'app']
2025-03-24 21:00:34,828 DEBUG    root            No implementation for release track [GA] for element: [/usr/lib/google-cloud-sdk/lib/surface/media]
2025-03-24 21:00:34,829 DEBUG    root            No implementation for release track [GA] for element: [/usr/lib/google-cloud-sdk/lib/surface/source_manager]
2025-03-24 21:00:34,829 DEBUG    root            Loaded Command Group: ['gcloud', 'certificate_manager']
2025-03-24 21:00:34,830 DEBUG    root            No implementation for release track [GA] for element: [/usr/lib/google-cloud-sdk/lib/surface/resource_config]
2025-03-24 21:00:34,831 DEBUG    root            Loaded Command Group: ['gcloud', 'access_approval']
2025-03-24 21:00:34,832 DEBUG    root            Loaded Command Group: ['gcloud', 'network_connectivity']
2025-03-24 21:00:34,833 DEBUG    root            Loaded Command Group: ['gcloud', 'dns']
2025-03-24 21:00:34,835 DEBUG    root            Loaded Command Group: ['gcloud', 'datastore']
2025-03-24 21:00:34,836 DEBUG    root            Loaded Command Group: ['gcloud', 'dataplex']
2025-03-24 21:00:34,837 DEBUG    root            Loaded Command Group: ['gcloud', 'cheat_sheet']
2025-03-24 21:00:34,840 DEBUG    root            Loaded Command Group: ['gcloud', 'functions']
2025-03-24 21:00:34,841 DEBUG    root            Loaded Command Group: ['gcloud', 'recaptcha']
2025-03-24 21:00:34,843 DEBUG    root            No implementation for release track [GA] for element: [/usr/lib/google-cloud-sdk/lib/surface/apphub]
2025-03-24 21:00:34,843 DEBUG    root            No implementation for release track [GA] for element: [/usr/lib/google-cloud-sdk/lib/surface/data_fusion]
2025-03-24 21:00:34,844 DEBUG    root            No implementation for release track [GA] for element: [/usr/lib/google-cloud-sdk/lib/surface/commerce_procurement]
2025-03-24 21:00:34,845 DEBUG    root            Loaded Command Group: ['gcloud', 'config']
2025-03-24 21:00:34,846 DEBUG    root            No implementation for release track [GA] for element: [/usr/lib/google-cloud-sdk/lib/surface/remote_build_execution]
2025-03-24 21:00:34,846 DEBUG    root            No implementation for release track [GA] for element: [/usr/lib/google-cloud-sdk/lib/surface/fault_injection]
2025-03-24 21:00:34,847 DEBUG    root            Loaded Command Group: ['gcloud', 'components']
2025-03-24 21:00:34,848 DEBUG    root            Loaded Command Group: ['gcloud', 'batch']
2025-03-24 21:00:34,849 DEBUG    root            No implementation for release track [GA] for element: [/usr/lib/google-cloud-sdk/lib/surface/error_reporting]
2025-03-24 21:00:34,850 DEBUG    root            Loaded Command Group: ['gcloud', 'immersive_stream']
2025-03-24 21:00:34,851 DEBUG    root            No implementation for release track [GA] for element: [/usr/lib/google-cloud-sdk/lib/surface/cbrs_spectrum_access]
2025-03-24 21:00:34,851 DEBUG    root            Loaded Command Group: ['gcloud', 'memcache']
2025-03-24 21:00:34,852 DEBUG    root            Loaded Command Group: ['gcloud', 'netapp']
2025-03-24 21:00:34,853 DEBUG    root            No implementation for release track [GA] for element: [/usr/lib/google-cloud-sdk/lib/surface/beyondcorp]
2025-03-24 21:00:34,854 DEBUG    root            Loaded Command Group: ['gcloud', 'scc']
2025-03-24 21:00:34,855 DEBUG    root            Loaded Command Group: ['gcloud', 'monitoring']
2025-03-24 21:00:34,856 DEBUG    root            Loaded Command Group: ['gcloud', 'workflows']
2025-03-24 21:00:34,937 DEBUG    root            Loaded Command Group: ['gcloud', 'builds']
2025-03-24 21:00:34,938 DEBUG    root            Loaded Command Group: ['gcloud', 'meta']
2025-03-24 21:00:34,940 DEBUG    root            No implementation for release track [GA] for element: [/usr/lib/google-cloud-sdk/lib/surface/bq]
2025-03-24 21:00:34,940 DEBUG    root            Loaded Command Group: ['gcloud', 'ml']
2025-03-24 21:00:34,941 DEBUG    root            No implementation for release track [GA] for element: [/usr/lib/google-cloud-sdk/lib/surface/terraform]
2025-03-24 21:00:34,944 DEBUG    root            Loaded Command Group: ['gcloud', 'feedback']
2025-03-24 21:00:34,945 DEBUG    root            Loaded Command Group: ['gcloud', 'firestore']
2025-03-24 21:00:34,946 DEBUG    root            Loaded Command Group: ['gcloud', 'bms']
2025-03-24 21:00:34,950 DEBUG    root            Loaded Command Group: ['gcloud', 'help']
2025-03-24 21:00:34,952 DEBUG    root            Loaded Command Group: ['gcloud', 'redis']
2025-03-24 21:00:34,953 DEBUG    root            Loaded Command Group: ['gcloud', 'domains']
2025-03-24 21:00:34,955 DEBUG    root            Loaded Command Group: ['gcloud', 'identity']
2025-03-24 21:00:34,956 DEBUG    root            No implementation for release track [GA] for element: [/usr/lib/google-cloud-sdk/lib/surface/dlp]
2025-03-24 21:00:34,956 DEBUG    root            No implementation for release track [GA] for element: [/usr/lib/google-cloud-sdk/lib/surface/datapipelines]
2025-03-24 21:00:34,957 DEBUG    root            Loaded Command Group: ['gcloud', 'anthos']
2025-03-24 21:00:34,958 DEBUG    root            Loaded Command Group: ['gcloud', 'resource_manager']
2025-03-24 21:00:34,959 DEBUG    root            Loaded Command Group: ['gcloud', 'active_directory']
2025-03-24 21:00:34,960 DEBUG    root            No implementation for release track [GA] for element: [/usr/lib/google-cloud-sdk/lib/surface/web_security_scanner]
2025-03-24 21:00:34,961 DEBUG    root            No implementation for release track [GA] for element: [/usr/lib/google-cloud-sdk/lib/surface/dataproc_gdc]
2025-03-24 21:00:34,963 DEBUG    root            Loaded Command Group: ['gcloud', 'init']
2025-03-24 21:00:34,964 DEBUG    root            No implementation for release track [GA] for element: [/usr/lib/google-cloud-sdk/lib/surface/telco_automation]
2025-03-24 21:00:34,965 DEBUG    root            Loaded Command Group: ['gcloud', 'info']
2025-03-24 21:00:34,966 DEBUG    root            Loaded Command Group: ['gcloud', 'network_security']
2025-03-24 21:00:34,968 DEBUG    root            Loaded Command Group: ['gcloud', 'publicca']
2025-03-24 21:00:34,970 DEBUG    root            No implementation for release track [GA] for element: [/usr/lib/google-cloud-sdk/lib/surface/runapps]
2025-03-24 21:00:34,970 DEBUG    root            Loaded Command Group: ['gcloud', 'kms']
2025-03-24 21:00:34,971 DEBUG    root            Loaded Command Group: ['gcloud', 'essential_contacts']
2025-03-24 21:00:34,979 DEBUG    root            Loaded Command Group: ['gcloud', 'storage']
2025-03-24 21:00:34,981 DEBUG    root            Loaded Command Group: ['gcloud', 'alloydb']
2025-03-24 21:00:34,982 DEBUG    root            No implementation for release track [GA] for element: [/usr/lib/google-cloud-sdk/lib/surface/lifesciences]
2025-03-24 21:00:34,982 DEBUG    root            Loaded Command Group: ['gcloud', 'transcoder']
2025-03-24 21:00:34,983 DEBUG    root            Loaded Command Group: ['gcloud', 'org_policies']
2025-03-24 21:00:34,984 DEBUG    root            Loaded Command Group: ['gcloud', 'healthcare']
2025-03-24 21:00:34,986 DEBUG    root            Loaded Command Group: ['gcloud', 'composer']
2025-03-24 21:00:34,987 DEBUG    root            Loaded Command Group: ['gcloud', 'emulators']
2025-03-24 21:00:34,988 DEBUG    root            Loaded Command Group: ['gcloud', 'vmware']
2025-03-24 21:00:34,989 DEBUG    root            Loaded Command Group: ['gcloud', 'infra_manager']
2025-03-24 21:00:34,990 DEBUG    root            Loaded Command Group: ['gcloud', 'access_context_manager']
2025-03-24 21:00:34,991 DEBUG    root            Loaded Command Group: ['gcloud', 'secrets']
2025-03-24 21:00:34,992 DEBUG    root            Loaded Command Group: ['gcloud', 'ai_platform']
2025-03-24 21:00:34,994 DEBUG    root            Loaded Command Group: ['gcloud', 'spanner']
2025-03-24 21:00:34,995 DEBUG    root            Loaded Command Group: ['gcloud', 'dataproc']
2025-03-24 21:00:35,045 DEBUG    root            No implementation for release track [GA] for element: [/usr/lib/google-cloud-sdk/lib/surface/interactive]
2025-03-24 21:00:35,045 DEBUG    root            Loaded Command Group: ['gcloud', 'auth']
2025-03-24 21:00:35,047 DEBUG    root            Loaded Command Group: ['gcloud', 'looker']
2025-03-24 21:00:35,048 DEBUG    root            Loaded Command Group: ['gcloud', 'policy_intelligence']
2025-03-24 21:00:35,050 DEBUG    root            Chosen display Format:table[no-heading,margin=6,width=80]([0]:label='':align=left:width=22,[1]:label='':align=left:wrap)
2025-03-24 21:00:35,051 DEBUG    root            Chosen display Format:table[no-heading,margin=6,width=80]([0]:label='':align=left:width=22,[1]:label='':align=left:wrap)
2025-03-24 21:00:35,053 DEBUG    root            Chosen display Format:table[no-heading,margin=6,width=80]([0]:label='':align=left:width=22,[1]:label='':align=left:wrap)
2025-03-24 21:00:35,054 DEBUG    root            Chosen display Format:table[no-heading,margin=6,width=80]([0]:label='':align=left:width=22,[1]:label='':align=left:wrap)
2025-03-24 21:00:35,054 DEBUG    root            Chosen display Format:table[no-heading,margin=6,width=80]([0]:label='':align=left:width=22,[1]:label='':align=left:wrap)
2025-03-24 21:00:35,055 DEBUG    root            Chosen display Format:table[no-heading,margin=6,width=80]([0]:label='':align=left:width=22,[1]:label='':align=left:wrap)
2025-03-24 21:00:35,056 DEBUG    root            Chosen display Format:table[no-heading,margin=6,width=80]([0]:label='':align=left:width=22,[1]:label='':align=left:wrap)
2025-03-24 21:00:35,058 DEBUG    root            Chosen display Format:table[no-heading,margin=6,width=80]([0]:label='':align=left:width=22,[1]:label='':align=left:wrap)
2025-03-24 21:00:35,060 DEBUG    root            Chosen display Format:table[no-heading,margin=6,width=80]([0]:label='':align=left:width=22,[1]:label='':align=left:wrap)
2025-03-24 21:00:35,062 DEBUG    root            Chosen display Format:table[no-heading,margin=6,width=80]([0]:label='':align=left:width=22,[1]:label='':align=left:wrap)
2025-03-24 21:00:35,063 DEBUG    root            Chosen display Format:table[no-heading,margin=6,width=80]([0]:label='':align=left:width=22,[1]:label='':align=left:wrap)
2025-03-24 21:00:35,066 DEBUG    root            Chosen display Format:table[no-heading,margin=6,width=80]([0]:label='':align=left:width=22,[1]:label='':align=left:wrap)
2025-03-24 21:00:35,067 DEBUG    root            Chosen display Format:table[no-heading,margin=6,width=80]([0]:label='':align=left:width=22,[1]:label='':align=left:wrap)
2025-03-24 21:00:35,068 DEBUG    root            Chosen display Format:table[no-heading,margin=6,width=80]([0]:label='':align=left:width=22,[1]:label='':align=left:wrap)
2025-03-24 21:00:35,069 DEBUG    root            Chosen display Format:table[no-heading,margin=6,width=80]([0]:label='':align=left:width=22,[1]:label='':align=left:wrap)
2025-03-24 21:00:35,069 DEBUG    root            Chosen display Format:table[no-heading,margin=6,width=80]([0]:label='':align=left:width=22,[1]:label='':align=left:wrap)
2025-03-24 21:00:35,070 DEBUG    root            Chosen display Format:table[no-heading,margin=6,width=80]([0]:label='':align=left:width=22,[1]:label='':align=left:wrap)
2025-03-24 21:00:35,072 DEBUG    root            Chosen display Format:table[no-heading,margin=6,width=80]([0]:label='':align=left:width=22,[1]:label='':align=left:wrap)
2025-03-24 21:00:35,072 DEBUG    root            Chosen display Format:table[no-heading,margin=6,width=80]([0]:label='':align=left:width=22,[1]:label='':align=left:wrap)
2025-03-24 21:00:35,074 DEBUG    root            Chosen display Format:table[no-heading,margin=6,width=80]([0]:label='':align=left:width=22,[1]:label='':align=left:wrap)
2025-03-24 21:00:35,075 DEBUG    root            Chosen display Format:table[no-heading,margin=6,width=80]([0]:label='':align=left:width=22,[1]:label='':align=left:wrap)
2025-03-24 21:00:35,076 DEBUG    root            Chosen display Format:table[no-heading,margin=6,width=80]([0]:label='':align=left:width=22,[1]:label='':align=left:wrap)
2025-03-24 21:00:35,076 DEBUG    root            Chosen display Format:table[no-heading,margin=6,width=80]([0]:label='':align=left:width=22,[1]:label='':align=left:wrap)
2025-03-24 21:00:35,078 DEBUG    root            Chosen display Format:table[no-heading,margin=6,width=80]([0]:label='':align=left:width=22,[1]:label='':align=left:wrap)
2025-03-24 21:00:35,078 DEBUG    root            Chosen display Format:table[no-heading,margin=6,width=80]([0]:label='':align=left:width=22,[1]:label='':align=left:wrap)
2025-03-24 21:00:35,079 DEBUG    root            Chosen display Format:table[no-heading,margin=6,width=80]([0]:label='':align=left:width=22,[1]:label='':align=left:wrap)
2025-03-24 21:00:35,080 DEBUG    root            Chosen display Format:table[no-heading,margin=6,width=80]([0]:label='':align=left:width=22,[1]:label='':align=left:wrap)
2025-03-24 21:01:39,535 INFO     ___FILE_ONLY___ 

Command killed by keyboard interrupt


