2025-03-25 11:39:25,525 DEBUG    root            Loaded Command Group: ['gcloud', 'auth']
2025-03-25 11:39:25,526 DEBUG    root            Loaded Command Group: ['gcloud', 'auth', 'application_default']
2025-03-25 11:39:25,529 DEBUG    root            Loaded Command Group: ['gcloud', 'auth', 'application-default', 'login']
2025-03-25 11:39:25,531 DEBUG    root            Running [gcloud.auth.application-default.login] with arguments: []
2025-03-25 11:39:25,581 DEBUG    requests_oauthlib.oauth2_session Generated new state rZ3rIefurrKECrg0BaR3U4ivKRbyEJ.
2025-03-25 11:39:27,056 INFO     ___FILE_ONLY___ Your browser has been opened to visit:

    https://accounts.google.com/o/oauth2/auth?response_type=code&client_id=764086051850-6qr4p6gpi6hn506pt8ejuq83di341hur.apps.googleusercontent.com&redirect_uri=http%3A%2F%2Flocalhost%3A8085%2F&scope=openid+https%3A%2F%2Fwww.googleapis.com%2Fauth%2Fuserinfo.email+https%3A%2F%2Fwww.googleapis.com%2Fauth%2Fcloud-platform+https%3A%2F%2Fwww.googleapis.com%2Fauth%2Fsqlservice.login&state=rZ3rIefurrKECrg0BaR3U4ivKRbyEJ&access_type=offline&code_challenge=Nh21KZ9SuTLwHw3fmlgqFpUjvMFYqZprMuwfmnLyz0s&code_challenge_method=S256


2025-03-25 11:39:32,299 INFO     google_auth_oauthlib.flow "GET /?state=rZ3rIefurrKECrg0BaR3U4ivKRbyEJ&code=4/0AQSTgQFcbvokZsh6QflXLTmuZpb01pQaCbAwZPCtsu0MWkhXIqGRA4nKMutSMpzkwPTMhg&scope=email%20openid%20https://www.googleapis.com/auth/userinfo.email%20https://www.googleapis.com/auth/cloud-platform%20https://www.googleapis.com/auth/sqlservice.login&authuser=3&hd=allenai.org&prompt=consent HTTP/1.1" 200 959
2025-03-25 11:39:32,300 DEBUG    requests_oauthlib.oauth2_session Requesting url https://oauth2.googleapis.com/token using method POST.
2025-03-25 11:39:32,300 DEBUG    requests_oauthlib.oauth2_session Supplying headers {b'Accept': b'application/json', b'Content-Type': b'application/x-www-form-urlencoded;charset=UTF-8', b'user-agent': b'google-cloud-sdk gcloud/456.0.0 command/gcloud.auth.application-default.login invocation-id/b5cfc79d7c2d458685b03fb8c2494de5 environment/None environment-version/None client-os/LINUX client-os-ver/5.15.0 client-pltf-arch/x86_64 interactive/True from-script/False python/3.11.6 term/xterm-256color (Linux 5.15.0-60-generic)'} and data {'grant_type': 'authorization_code', 'client_id': '764086051850-6qr4p6gpi6hn506pt8ejuq83di341hur.apps.googleusercontent.com', 'client_secret': 'd-FL95Q19q7MQmFpd7hHD0Ty', 'code': '4/0AQSTgQFcbvokZsh6QflXLTmuZpb01pQaCbAwZPCtsu0MWkhXIqGRA4nKMutSMpzkwPTMhg', 'redirect_uri': 'http://localhost:8085/', 'code_verifier': 'xfSmSuG_b7SrD7_QCsixh1gwsZ0dYudBIz3iFBRcziN-8CMqlry-uGyJ~aG57cghB.KrKoz0GOetgZQxeulWx6w_-i1k6S6PZQt_lgfl0HGpwgcNRGgXiW1wHpDoN3Gx'}
2025-03-25 11:39:32,300 DEBUG    requests_oauthlib.oauth2_session Passing through key word arguments {'json': None, 'timeout': None, 'auth': None, 'verify': None, 'proxies': None}.
2025-03-25 11:39:32,302 DEBUG    urllib3.connectionpool Starting new HTTPS connection (1): oauth2.googleapis.com:443
2025-03-25 11:39:32,420 DEBUG    urllib3.connectionpool https://oauth2.googleapis.com:443 "POST /token HTTP/1.1" 200 None
2025-03-25 11:39:32,421 DEBUG    requests_oauthlib.oauth2_session Prepared fetch token request body grant_type=authorization_code&client_id=764086051850-6qr4p6gpi6hn506pt8ejuq83di341hur.apps.googleusercontent.com&client_secret=d-FL95Q19q7MQmFpd7hHD0Ty&code=4%2F0AQSTgQFcbvokZsh6QflXLTmuZpb01pQaCbAwZPCtsu0MWkhXIqGRA4nKMutSMpzkwPTMhg&redirect_uri=http%3A%2F%2Flocalhost%3A8085%2F&code_verifier=xfSmSuG_b7SrD7_QCsixh1gwsZ0dYudBIz3iFBRcziN-8CMqlry-uGyJ~aG57cghB.KrKoz0GOetgZQxeulWx6w_-i1k6S6PZQt_lgfl0HGpwgcNRGgXiW1wHpDoN3Gx
2025-03-25 11:39:32,421 DEBUG    requests_oauthlib.oauth2_session Request to fetch token completed with status 200.
2025-03-25 11:39:32,421 DEBUG    requests_oauthlib.oauth2_session Request headers were {'user-agent': b'google-cloud-sdk gcloud/456.0.0 command/gcloud.auth.application-default.login invocation-id/b5cfc79d7c2d458685b03fb8c2494de5 environment/None environment-version/None client-os/LINUX client-os-ver/5.15.0 client-pltf-arch/x86_64 interactive/True from-script/False python/3.11.6 term/xterm-256color (Linux 5.15.0-60-generic)', 'Accept-Encoding': 'gzip, deflate', 'Accept': b'application/json', 'Connection': 'keep-alive', 'Content-Type': b'application/x-www-form-urlencoded;charset=UTF-8', 'Content-Length': '421'}
2025-03-25 11:39:32,421 DEBUG    requests_oauthlib.oauth2_session Request body was grant_type=authorization_code&client_id=764086051850-6qr4p6gpi6hn506pt8ejuq83di341hur.apps.googleusercontent.com&client_secret=d-FL95Q19q7MQmFpd7hHD0Ty&code=4%2F0AQSTgQFcbvokZsh6QflXLTmuZpb01pQaCbAwZPCtsu0MWkhXIqGRA4nKMutSMpzkwPTMhg&redirect_uri=http%3A%2F%2Flocalhost%3A8085%2F&code_verifier=xfSmSuG_b7SrD7_QCsixh1gwsZ0dYudBIz3iFBRcziN-8CMqlry-uGyJ~aG57cghB.KrKoz0GOetgZQxeulWx6w_-i1k6S6PZQt_lgfl0HGpwgcNRGgXiW1wHpDoN3Gx
2025-03-25 11:39:32,421 DEBUG    requests_oauthlib.oauth2_session Response headers were {'Expires': 'Mon, 01 Jan 1990 00:00:00 GMT', 'Pragma': 'no-cache', 'Cache-Control': 'no-cache, no-store, max-age=0, must-revalidate', 'Date': 'Tue, 25 Mar 2025 18:39:32 GMT', 'Content-Type': 'application/json; charset=utf-8', 'Vary': 'Origin, X-Origin, Referer', 'Content-Encoding': 'gzip', 'Server': 'scaffolding on HTTPServer2', 'X-XSS-Protection': '0', 'X-Frame-Options': 'SAMEORIGIN', 'X-Content-Type-Options': 'nosniff', 'Alt-Svc': 'h3=":443"; ma=2592000,h3-29=":443"; ma=2592000', 'Transfer-Encoding': 'chunked'} and content {
  "access_token": "ya29.a0AeXRPp7HFLFJLo1UeLuDfG27xHUmk2L677GEUWX-yYv448-8Z9lLAw3NqzGrcHiRcBo8jPtfW86m1v4vtBbSEp95F4ZrR1EXzNo2xnskDApdr6wA7q-CZwebp5wecivLI4lPAfke4z1nq5IxR3fN2cYmXhEg-GT70mQP0ds_aCgYKARkSARMSFQHGX2MiTRrAA7CRgriVGOcWJFMx9g0175",
  "expires_in": 3599,
  "refresh_token": "1//0fS3n-_Tg_rOZCgYIARAAGA8SNwF-L9Irx0N-4eSjieMSNaLhtFyACv5eSmAoJ1Vk26Jy-IGvtj9kPRznQXYm5BIfmEB-yc1IMYI",
  "scope": "openid https://www.googleapis.com/auth/userinfo.email https://www.googleapis.com/auth/cloud-platform https://www.googleapis.com/auth/sqlservice.login",
  "token_type": "Bearer",
  "id_token": "eyJhbGciOiJSUzI1NiIsImtpZCI6ImVlMTkzZDQ2NDdhYjRhMzU4NWFhOWIyYjNiNDg0YTg3YWE2OGJiNDIiLCJ0eXAiOiJKV1QifQ.eyJpc3MiOiJodHRwczovL2FjY291bnRzLmdvb2dsZS5jb20iLCJhenAiOiI3NjQwODYwNTE4NTAtNnFyNHA2Z3BpNmhuNTA2cHQ4ZWp1cTgzZGkzNDFodXIuYXBwcy5nb29nbGV1c2VyY29udGVudC5jb20iLCJhdWQiOiI3NjQwODYwNTE4NTAtNnFyNHA2Z3BpNmhuNTA2cHQ4ZWp1cTgzZGkzNDFodXIuYXBwcy5nb29nbGV1c2VyY29udGVudC5jb20iLCJzdWIiOiIxMDU1NTY2ODE5Nzg1MDU4MTA4NDIiLCJoZCI6ImFsbGVuYWkub3JnIiwiZW1haWwiOiJqaWV5dXpAYWxsZW5haS5vcmciLCJlbWFpbF92ZXJpZmllZCI6dHJ1ZSwiYXRfaGFzaCI6IjBDc2FaQ19JTll2U3BFT1ZCY0lRbUEiLCJpYXQiOjE3NDI5Mjc5NzIsImV4cCI6MTc0MjkzMTU3Mn0.egcmUQ1JABJyQN-UANNNLsEkeJw8TZ6KLBFLzn6Y4SrcpAJsdaF3nra0a7r8Zguf00YqJ6HBKx6NQy9bqJLjM4RA30LIO-6E-ceNyEx1ZG-xARzc24i--xxT2yhne2zZKRV13JC1Wuz9rUlK6UEYKWgwlFzcreZ43uMzcYl289jMrwQrIZ71jm1hXG1isWzaaOUiTKxs8tL1KDAO7FR4V5q-r3to_1ciyAPxmNjlBpjtD_gN9MvbnyKjv5hFyrXBUKJYhtf0TBaYIB1cvT9lEUr5MTcYADgFU9Bi5dXlmpu-p0erSZzqLn7shQbu2WRRJhUhxaoBi-doE4-Z13nWWQ"
}.
2025-03-25 11:39:32,421 DEBUG    requests_oauthlib.oauth2_session Invoking 0 token response hooks.
2025-03-25 11:39:32,421 DEBUG    requests_oauthlib.oauth2_session Obtained token {'access_token': 'ya29.a0AeXRPp7HFLFJLo1UeLuDfG27xHUmk2L677GEUWX-yYv448-8Z9lLAw3NqzGrcHiRcBo8jPtfW86m1v4vtBbSEp95F4ZrR1EXzNo2xnskDApdr6wA7q-CZwebp5wecivLI4lPAfke4z1nq5IxR3fN2cYmXhEg-GT70mQP0ds_aCgYKARkSARMSFQHGX2MiTRrAA7CRgriVGOcWJFMx9g0175', 'expires_in': 3599, 'refresh_token': '1//0fS3n-_Tg_rOZCgYIARAAGA8SNwF-L9Irx0N-4eSjieMSNaLhtFyACv5eSmAoJ1Vk26Jy-IGvtj9kPRznQXYm5BIfmEB-yc1IMYI', 'scope': ['openid', 'https://www.googleapis.com/auth/userinfo.email', 'https://www.googleapis.com/auth/cloud-platform', 'https://www.googleapis.com/auth/sqlservice.login'], 'token_type': 'Bearer', 'id_token': 'eyJhbGciOiJSUzI1NiIsImtpZCI6ImVlMTkzZDQ2NDdhYjRhMzU4NWFhOWIyYjNiNDg0YTg3YWE2OGJiNDIiLCJ0eXAiOiJKV1QifQ.eyJpc3MiOiJodHRwczovL2FjY291bnRzLmdvb2dsZS5jb20iLCJhenAiOiI3NjQwODYwNTE4NTAtNnFyNHA2Z3BpNmhuNTA2cHQ4ZWp1cTgzZGkzNDFodXIuYXBwcy5nb29nbGV1c2VyY29udGVudC5jb20iLCJhdWQiOiI3NjQwODYwNTE4NTAtNnFyNHA2Z3BpNmhuNTA2cHQ4ZWp1cTgzZGkzNDFodXIuYXBwcy5nb29nbGV1c2VyY29udGVudC5jb20iLCJzdWIiOiIxMDU1NTY2ODE5Nzg1MDU4MTA4NDIiLCJoZCI6ImFsbGVuYWkub3JnIiwiZW1haWwiOiJqaWV5dXpAYWxsZW5haS5vcmciLCJlbWFpbF92ZXJpZmllZCI6dHJ1ZSwiYXRfaGFzaCI6IjBDc2FaQ19JTll2U3BFT1ZCY0lRbUEiLCJpYXQiOjE3NDI5Mjc5NzIsImV4cCI6MTc0MjkzMTU3Mn0.egcmUQ1JABJyQN-UANNNLsEkeJw8TZ6KLBFLzn6Y4SrcpAJsdaF3nra0a7r8Zguf00YqJ6HBKx6NQy9bqJLjM4RA30LIO-6E-ceNyEx1ZG-xARzc24i--xxT2yhne2zZKRV13JC1Wuz9rUlK6UEYKWgwlFzcreZ43uMzcYl289jMrwQrIZ71jm1hXG1isWzaaOUiTKxs8tL1KDAO7FR4V5q-r3to_1ciyAPxmNjlBpjtD_gN9MvbnyKjv5hFyrXBUKJYhtf0TBaYIB1cvT9lEUr5MTcYADgFU9Bi5dXlmpu-p0erSZzqLn7shQbu2WRRJhUhxaoBi-doE4-Z13nWWQ', 'expires_at': 1742931571.4216826}.
2025-03-25 11:39:32,423 INFO     ___FILE_ONLY___ 
Credentials saved to file: [/root/.config/gcloud/application_default_credentials.json]

2025-03-25 11:39:32,423 INFO     ___FILE_ONLY___ 
These credentials will be used by any library that requests Application Default Credentials (ADC).

2025-03-25 11:39:32,428 INFO     root            Using alternate credentials from file: [/root/.config/gcloud/application_default_credentials.json]
2025-03-25 11:39:32,433 DEBUG    google.auth.transport.requests Making request: POST https://oauth2.googleapis.com/token
2025-03-25 11:39:32,435 DEBUG    urllib3.connectionpool Starting new HTTPS connection (1): oauth2.googleapis.com:443
2025-03-25 11:39:32,521 DEBUG    urllib3.connectionpool https://oauth2.googleapis.com:443 "POST /token HTTP/1.1" 200 None
2025-03-25 11:39:32,523 INFO     root            Using alternate credentials from file: [/root/.config/gcloud/application_default_credentials.json]
2025-03-25 11:39:32,534 DEBUG    urllib3.connectionpool Starting new HTTPS connection (1): cloudresourcemanager.googleapis.com:443
2025-03-25 11:39:32,827 DEBUG    urllib3.connectionpool https://cloudresourcemanager.googleapis.com:443 "POST /v1/projects/ai2-prior-satlas:testIamPermissions?alt=json HTTP/1.1" 200 None
2025-03-25 11:39:32,829 WARNING  root            
Cannot add the project "ai2-prior-satlas" to ADC as the quota project because the account in ADC does not have the "serviceusage.services.use" permission on this project. You might receive a "quota_exceeded" or "API not enabled" error. Run $ gcloud auth application-default set-quota-project to add a quota project.
2025-03-25 11:39:32,829 DEBUG    root            Chosen display Format:none
2025-03-25 11:39:32,830 INFO     root            Display format: "none"
2025-03-25 11:39:32,831 DEBUG    root            SDK update checks are disabled.
