2025-03-25 11:39:03,060 ERROR    root            (gcloud) Command name argument expected.
2025-03-25 11:39:03,060 DEBUG    root            Loaded Command Group: ['gcloud', 'artifacts']
2025-03-25 11:39:03,062 DEBUG    root            Loaded Command Group: ['gcloud', 'healthcare']
2025-03-25 11:39:03,063 DEBUG    root            Loaded Command Group: ['gcloud', 'iot']
2025-03-25 11:39:03,065 DEBUG    root            Loaded Command Group: ['gcloud', 'run']
2025-03-25 11:39:03,079 DEBUG    root            Loaded Command Group: ['gcloud', 'ai_platform']
2025-03-25 11:39:03,089 DEBUG    root            Loaded Command Group: ['gcloud', 'storage']
2025-03-25 11:39:03,090 DEBUG    root            Loaded Command Group: ['gcloud', 'dataplex']
2025-03-25 11:39:03,091 DEBUG    root            Loaded Command Group: ['gcloud', 'infra_manager']
2025-03-25 11:39:03,092 DEBUG    root            No implementation for release track [GA] for element: [/usr/lib/google-cloud-sdk/lib/surface/network_actions]
2025-03-25 11:39:03,093 DEBUG    root            Loaded Command Group: ['gcloud', 'iam']
2025-03-25 11:39:03,094 DEBUG    root            Loaded Command Group: ['gcloud', 'notebooks']
2025-03-25 11:39:03,097 DEBUG    root            Loaded Command Group: ['gcloud', 'help']
2025-03-25 11:39:03,098 DEBUG    root            No implementation for release track [GA] for element: [/usr/lib/google-cloud-sdk/lib/surface/orglifecycle]
2025-03-25 11:39:03,098 DEBUG    root            No implementation for release track [GA] for element: [/usr/lib/google-cloud-sdk/lib/surface/parallelstore]
2025-03-25 11:39:03,098 DEBUG    root            Loaded Command Group: ['gcloud', 'datastore']
2025-03-25 11:39:03,099 DEBUG    root            Loaded Command Group: ['gcloud', 'dataproc']
2025-03-25 11:39:03,100 DEBUG    root            No implementation for release track [GA] for element: [/usr/lib/google-cloud-sdk/lib/surface/remote_build_execution]
2025-03-25 11:39:03,103 DEBUG    root            Loaded Command Group: ['gcloud', 'init']
2025-03-25 11:39:03,104 DEBUG    root            Loaded Command Group: ['gcloud', 'active_directory']
2025-03-25 11:39:03,122 DEBUG    root            Loaded Command Group: ['gcloud', 'compute']
2025-03-25 11:39:03,124 DEBUG    root            No implementation for release track [GA] for element: [/usr/lib/google-cloud-sdk/lib/surface/apphub]
2025-03-25 11:39:03,124 DEBUG    root            No implementation for release track [GA] for element: [/usr/lib/google-cloud-sdk/lib/surface/data_fusion]
2025-03-25 11:39:03,125 DEBUG    root            Loaded Command Group: ['gcloud', 'organizations']
2025-03-25 11:39:03,126 DEBUG    root            No implementation for release track [GA] for element: [/usr/lib/google-cloud-sdk/lib/surface/source_manager]
2025-03-25 11:39:03,126 DEBUG    root            Loaded Command Group: ['gcloud', 'billing']
2025-03-25 11:39:03,127 DEBUG    root            No implementation for release track [GA] for element: [/usr/lib/google-cloud-sdk/lib/surface/web_security_scanner]
2025-03-25 11:39:03,127 DEBUG    root            No implementation for release track [GA] for element: [/usr/lib/google-cloud-sdk/lib/surface/mps]
2025-03-25 11:39:03,128 DEBUG    root            Loaded Command Group: ['gcloud', 'cheat_sheet']
2025-03-25 11:39:03,129 DEBUG    root            Loaded Command Group: ['gcloud', 'emulators']
2025-03-25 11:39:03,130 DEBUG    root            No implementation for release track [GA] for element: [/usr/lib/google-cloud-sdk/lib/surface/dialogflow]
2025-03-25 11:39:03,130 DEBUG    root            Loaded Command Group: ['gcloud', 'logging']
2025-03-25 11:39:03,166 DEBUG    root            No implementation for release track [GA] for element: [/usr/lib/google-cloud-sdk/lib/surface/interactive]
2025-03-25 11:39:03,167 DEBUG    root            Loaded Command Group: ['gcloud', 'firestore']
2025-03-25 11:39:03,168 DEBUG    root            Loaded Command Group: ['gcloud', 'certificate_manager']
2025-03-25 11:39:03,169 DEBUG    root            Loaded Command Group: ['gcloud', 'domains']
2025-03-25 11:39:03,170 DEBUG    root            Loaded Command Group: ['gcloud', 'monitoring']
2025-03-25 11:39:03,171 DEBUG    root            No implementation for release track [GA] for element: [/usr/lib/google-cloud-sdk/lib/surface/kuberun]
2025-03-25 11:39:03,171 DEBUG    root            No implementation for release track [GA] for element: [/usr/lib/google-cloud-sdk/lib/surface/terraform]
2025-03-25 11:39:03,172 DEBUG    root            No implementation for release track [GA] for element: [/usr/lib/google-cloud-sdk/lib/surface/cbrs_spectrum_access]
2025-03-25 11:39:03,172 DEBUG    root            Loaded Command Group: ['gcloud', 'transfer']
2025-03-25 11:39:03,173 DEBUG    root            Loaded Command Group: ['gcloud', 'workflows']
2025-03-25 11:39:03,174 DEBUG    root            Loaded Command Group: ['gcloud', 'assured']
2025-03-25 11:39:03,175 DEBUG    root            No implementation for release track [GA] for element: [/usr/lib/google-cloud-sdk/lib/surface/blockchain_node_engine]
2025-03-25 11:39:03,175 DEBUG    root            Loaded Command Group: ['gcloud', 'network_security']
2025-03-25 11:39:03,177 DEBUG    root            No implementation for release track [GA] for element: [/usr/lib/google-cloud-sdk/lib/surface/media]
2025-03-25 11:39:03,177 DEBUG    root            No implementation for release track [GA] for element: [/usr/lib/google-cloud-sdk/lib/surface/trace]
2025-03-25 11:39:03,178 DEBUG    root            Loaded Command Group: ['gcloud', 'config']
2025-03-25 11:39:03,179 DEBUG    root            No implementation for release track [GA] for element: [/usr/lib/google-cloud-sdk/lib/surface/commerce_procurement]
2025-03-25 11:39:03,180 DEBUG    root            Loaded Command Group: ['gcloud', 'source']
2025-03-25 11:39:03,180 DEBUG    root            Loaded Command Group: ['gcloud', 'secrets']
2025-03-25 11:39:03,182 DEBUG    root            Loaded Command Group: ['gcloud', 'publicca']
2025-03-25 11:39:03,183 DEBUG    root            Loaded Command Group: ['gcloud', 'netapp']
2025-03-25 11:39:03,184 DEBUG    root            Loaded Command Group: ['gcloud', 'ml_engine']
2025-03-25 11:39:03,186 DEBUG    root            Loaded Command Group: ['gcloud', 'looker']
2025-03-25 11:39:03,187 DEBUG    root            Loaded Command Group: ['gcloud', 'bigtable']
2025-03-25 11:39:03,188 DEBUG    root            Loaded Command Group: ['gcloud', 'scheduler']
2025-03-25 11:39:03,189 DEBUG    root            No implementation for release track [GA] for element: [/usr/lib/google-cloud-sdk/lib/surface/spectrum_access]
2025-03-25 11:39:03,216 DEBUG    root            Loaded Command Group: ['gcloud', 'tasks']
2025-03-25 11:39:03,217 DEBUG    root            Loaded Command Group: ['gcloud', 'resource_settings']
2025-03-25 11:39:03,218 DEBUG    root            Loaded Command Group: ['gcloud', 'deployment_manager']
2025-03-25 11:39:03,219 DEBUG    root            Loaded Command Group: ['gcloud', 'meta']
2025-03-25 11:39:03,220 DEBUG    root            Loaded Command Group: ['gcloud', 'app']
2025-03-25 11:39:03,222 DEBUG    root            Loaded Command Group: ['gcloud', 'recaptcha']
2025-03-25 11:39:03,224 DEBUG    root            Loaded Command Group: ['gcloud', 'docker']
2025-03-25 11:39:03,225 DEBUG    root            Loaded Command Group: ['gcloud', 'immersive_stream']
2025-03-25 11:39:03,226 DEBUG    root            Loaded Command Group: ['gcloud', 'projects']
2025-03-25 11:39:03,227 DEBUG    root            Loaded Command Group: ['gcloud', 'scc']
2025-03-25 11:39:03,229 DEBUG    root            Loaded Command Group: ['gcloud', 'unlock']
2025-03-25 11:39:03,230 DEBUG    root            Loaded Command Group: ['gcloud', 'ml']
2025-03-25 11:39:03,231 DEBUG    root            Loaded Command Group: ['gcloud', 'transcoder']
2025-03-25 11:39:03,232 DEBUG    root            No implementation for release track [GA] for element: [/usr/lib/google-cloud-sdk/lib/surface/fault_injection]
2025-03-25 11:39:03,232 DEBUG    root            No implementation for release track [GA] for element: [/usr/lib/google-cloud-sdk/lib/surface/authz_toolkit]
2025-03-25 11:39:03,232 DEBUG    root            Loaded Command Group: ['gcloud', 'policy_troubleshoot']
2025-03-25 11:39:03,233 DEBUG    root            Loaded Command Group: ['gcloud', 'eventarc']
2025-03-25 11:39:03,234 DEBUG    root            Loaded Command Group: ['gcloud', 'api_gateway']
2025-03-25 11:39:03,235 DEBUG    root            Loaded Command Group: ['gcloud', 'topic']
2025-03-25 11:39:03,236 DEBUG    root            Loaded Command Group: ['gcloud', 'cloud_shell']
2025-03-25 11:39:03,238 DEBUG    root            No implementation for release track [GA] for element: [/usr/lib/google-cloud-sdk/lib/surface/service_extensions]
2025-03-25 11:39:03,238 DEBUG    root            Loaded Command Group: ['gcloud', 'endpoints']
2025-03-25 11:39:03,239 DEBUG    root            Loaded Command Group: ['gcloud', 'memcache']
2025-03-25 11:39:03,240 DEBUG    root            Loaded Command Group: ['gcloud', 'ai']
2025-03-25 11:39:03,241 DEBUG    root            Loaded Command Group: ['gcloud', 'dataflow']
2025-03-25 11:39:03,242 DEBUG    root            Loaded Command Group: ['gcloud', 'service_directory']
2025-03-25 11:39:03,243 DEBUG    root            Loaded Command Group: ['gcloud', 'workbench']
2025-03-25 11:39:03,244 DEBUG    root            Loaded Command Group: ['gcloud', 'datastream']
2025-03-25 11:39:03,245 DEBUG    root            Loaded Command Group: ['gcloud', 'alloydb']
2025-03-25 11:39:03,246 DEBUG    root            Loaded Command Group: ['gcloud', 'batch']
2025-03-25 11:39:03,247 DEBUG    root            No implementation for release track [GA] for element: [/usr/lib/google-cloud-sdk/lib/surface/bq]
2025-03-25 11:39:03,247 DEBUG    root            No implementation for release track [GA] for element: [/usr/lib/google-cloud-sdk/lib/surface/runtime_config]
2025-03-25 11:39:03,247 DEBUG    root            Loaded Command Group: ['gcloud', 'services']
2025-03-25 11:39:03,249 DEBUG    root            Loaded Command Group: ['gcloud', 'essential_contacts']
2025-03-25 11:39:03,249 DEBUG    root            No implementation for release track [GA] for element: [/usr/lib/google-cloud-sdk/lib/surface/resource_config]
2025-03-25 11:39:03,250 DEBUG    root            No implementation for release track [GA] for element: [/usr/lib/google-cloud-sdk/lib/surface/error_reporting]
2025-03-25 11:39:03,297 DEBUG    root            Loaded Command Group: ['gcloud', 'builds']
2025-03-25 11:39:03,298 DEBUG    root            Loaded Command Group: ['gcloud', 'workspace_add_ons']
2025-03-25 11:39:03,299 DEBUG    root            Loaded Command Group: ['gcloud', 'metastore']
2025-03-25 11:39:03,300 DEBUG    root            Loaded Command Group: ['gcloud', 'dns']
2025-03-25 11:39:03,301 DEBUG    root            Loaded Command Group: ['gcloud', 'org_policies']
2025-03-25 11:39:03,302 DEBUG    root            Loaded Command Group: ['gcloud', 'network_management']
2025-03-25 11:39:03,302 DEBUG    root            Loaded Command Group: ['gcloud', 'filestore']
2025-03-25 11:39:03,304 DEBUG    root            Loaded Command Group: ['gcloud', 'version']
2025-03-25 11:39:03,304 DEBUG    root            Loaded Command Group: ['gcloud', 'access_approval']
2025-03-25 11:39:03,305 DEBUG    root            No implementation for release track [GA] for element: [/usr/lib/google-cloud-sdk/lib/surface/lifesciences]
2025-03-25 11:39:03,306 DEBUG    root            No implementation for release track [GA] for element: [/usr/lib/google-cloud-sdk/lib/surface/quotas]
2025-03-25 11:39:03,306 DEBUG    root            Loaded Command Group: ['gcloud', 'recommender']
2025-03-25 11:39:03,307 DEBUG    root            Loaded Command Group: ['gcloud', 'sql']
2025-03-25 11:39:03,308 DEBUG    root            Loaded Command Group: ['gcloud', 'identity']
2025-03-25 11:39:03,309 DEBUG    root            Loaded Command Group: ['gcloud', 'iap']
2025-03-25 11:39:03,310 DEBUG    root            No implementation for release track [GA] for element: [/usr/lib/google-cloud-sdk/lib/surface/telco_automation]
2025-03-25 11:39:03,310 DEBUG    root            Loaded Command Group: ['gcloud', 'workstations']
2025-03-25 11:39:03,311 DEBUG    root            Loaded Command Group: ['gcloud', 'edge_cache']
2025-03-25 11:39:03,312 DEBUG    root            Loaded Command Group: ['gcloud', 'auth']
2025-03-25 11:39:03,313 DEBUG    root            Loaded Command Group: ['gcloud', 'composer']
2025-03-25 11:39:03,315 DEBUG    root            Loaded Command Group: ['gcloud', 'edge_cloud']
2025-03-25 11:39:03,316 DEBUG    root            Loaded Command Group: ['gcloud', 'firebase']
2025-03-25 11:39:03,317 DEBUG    root            Loaded Command Group: ['gcloud', 'info']
2025-03-25 11:39:03,319 DEBUG    root            Loaded Command Group: ['gcloud', 'network_connectivity']
2025-03-25 11:39:03,320 DEBUG    root            Loaded Command Group: ['gcloud', 'access_context_manager']
2025-03-25 11:39:03,321 DEBUG    root            No implementation for release track [GA] for element: [/usr/lib/google-cloud-sdk/lib/surface/datapipelines]
2025-03-25 11:39:03,321 DEBUG    root            Loaded Command Group: ['gcloud', 'redis']
2025-03-25 11:39:03,322 DEBUG    root            Loaded Command Group: ['gcloud', 'anthos']
2025-03-25 11:39:03,323 DEBUG    root            Loaded Command Group: ['gcloud', 'data_catalog']
2025-03-25 11:39:03,324 DEBUG    root            Loaded Command Group: ['gcloud', 'vmware']
2025-03-25 11:39:03,326 DEBUG    root            No implementation for release track [GA] for element: [/usr/lib/google-cloud-sdk/lib/surface/code]
2025-03-25 11:39:03,326 DEBUG    root            Loaded Command Group: ['gcloud', 'database_migration']
2025-03-25 11:39:03,327 DEBUG    root            Loaded Command Group: ['gcloud', 'resource_manager']
2025-03-25 11:39:03,328 DEBUG    root            No implementation for release track [GA] for element: [/usr/lib/google-cloud-sdk/lib/surface/genomics]
2025-03-25 11:39:03,328 DEBUG    root            Loaded Command Group: ['gcloud', 'network_services']
2025-03-25 11:39:03,330 DEBUG    root            No implementation for release track [GA] for element: [/usr/lib/google-cloud-sdk/lib/surface/dlp]
2025-03-25 11:39:03,330 DEBUG    root            Loaded Command Group: ['gcloud', 'bms']
2025-03-25 11:39:03,331 DEBUG    root            Loaded Command Group: ['gcloud', 'apigee']
2025-03-25 11:39:03,332 DEBUG    root            Loaded Command Group: ['gcloud', 'kms']
2025-03-25 11:39:03,333 DEBUG    root            Loaded Command Group: ['gcloud', 'privateca']
2025-03-25 11:39:03,336 DEBUG    root            Loaded Command Group: ['gcloud', 'feedback']
2025-03-25 11:39:03,337 DEBUG    root            Loaded Command Group: ['gcloud', 'ids']
2025-03-25 11:39:03,338 DEBUG    root            Loaded Command Group: ['gcloud', 'spanner']
2025-03-25 11:39:03,339 DEBUG    root            No implementation for release track [GA] for element: [/usr/lib/google-cloud-sdk/lib/surface/dataproc_gdc]
2025-03-25 11:39:03,339 DEBUG    root            Loaded Command Group: ['gcloud', 'asset']
2025-03-25 11:39:03,340 DEBUG    root            No implementation for release track [GA] for element: [/usr/lib/google-cloud-sdk/lib/surface/microservices]
2025-03-25 11:39:03,340 DEBUG    root            Loaded Command Group: ['gcloud', 'backup_dr']
2025-03-25 11:39:03,343 DEBUG    root            Loaded Command Group: ['gcloud', 'survey']
2025-03-25 11:39:03,345 DEBUG    root            Loaded Command Group: ['gcloud', 'functions']
2025-03-25 11:39:03,346 DEBUG    root            Loaded Command Group: ['gcloud', 'deploy']
2025-03-25 11:39:03,347 DEBUG    root            No implementation for release track [GA] for element: [/usr/lib/google-cloud-sdk/lib/surface/beyondcorp]
2025-03-25 11:39:03,348 DEBUG    root            Loaded Command Group: ['gcloud', 'components']
2025-03-25 11:39:03,349 DEBUG    root            Loaded Command Group: ['gcloud', 'pubsub']
2025-03-25 11:39:03,350 DEBUG    root            Loaded Command Group: ['gcloud', 'policy_intelligence']
2025-03-25 11:39:03,352 DEBUG    root            No implementation for release track [GA] for element: [/usr/lib/google-cloud-sdk/lib/surface/runapps]
2025-03-25 11:39:03,352 DEBUG    root            Chosen display Format:table[no-heading,margin=6,width=80]([0]:label='':align=left:width=22,[1]:label='':align=left:wrap)
2025-03-25 11:39:03,354 DEBUG    root            Chosen display Format:table[no-heading,margin=6,width=80]([0]:label='':align=left:width=22,[1]:label='':align=left:wrap)
2025-03-25 11:39:03,355 DEBUG    root            Chosen display Format:table[no-heading,margin=6,width=80]([0]:label='':align=left:width=22,[1]:label='':align=left:wrap)
2025-03-25 11:39:03,356 DEBUG    root            Chosen display Format:table[no-heading,margin=6,width=80]([0]:label='':align=left:width=22,[1]:label='':align=left:wrap)
2025-03-25 11:39:03,356 DEBUG    root            Chosen display Format:table[no-heading,margin=6,width=80]([0]:label='':align=left:width=22,[1]:label='':align=left:wrap)
2025-03-25 11:39:03,357 DEBUG    root            Chosen display Format:table[no-heading,margin=6,width=80]([0]:label='':align=left:width=22,[1]:label='':align=left:wrap)
2025-03-25 11:39:03,358 DEBUG    root            Chosen display Format:table[no-heading,margin=6,width=80]([0]:label='':align=left:width=22,[1]:label='':align=left:wrap)
2025-03-25 11:39:03,359 DEBUG    root            Chosen display Format:table[no-heading,margin=6,width=80]([0]:label='':align=left:width=22,[1]:label='':align=left:wrap)
2025-03-25 11:39:03,361 DEBUG    root            Chosen display Format:table[no-heading,margin=6,width=80]([0]:label='':align=left:width=22,[1]:label='':align=left:wrap)
2025-03-25 11:39:03,363 DEBUG    root            Chosen display Format:table[no-heading,margin=6,width=80]([0]:label='':align=left:width=22,[1]:label='':align=left:wrap)
2025-03-25 11:39:03,364 DEBUG    root            Chosen display Format:table[no-heading,margin=6,width=80]([0]:label='':align=left:width=22,[1]:label='':align=left:wrap)
2025-03-25 11:39:03,367 DEBUG    root            Chosen display Format:table[no-heading,margin=6,width=80]([0]:label='':align=left:width=22,[1]:label='':align=left:wrap)
2025-03-25 11:39:03,367 DEBUG    root            Chosen display Format:table[no-heading,margin=6,width=80]([0]:label='':align=left:width=22,[1]:label='':align=left:wrap)
2025-03-25 11:39:03,369 DEBUG    root            Chosen display Format:table[no-heading,margin=6,width=80]([0]:label='':align=left:width=22,[1]:label='':align=left:wrap)
2025-03-25 11:39:03,369 DEBUG    root            Chosen display Format:table[no-heading,margin=6,width=80]([0]:label='':align=left:width=22,[1]:label='':align=left:wrap)
2025-03-25 11:39:03,370 DEBUG    root            Chosen display Format:table[no-heading,margin=6,width=80]([0]:label='':align=left:width=22,[1]:label='':align=left:wrap)
2025-03-25 11:39:03,370 DEBUG    root            Chosen display Format:table[no-heading,margin=6,width=80]([0]:label='':align=left:width=22,[1]:label='':align=left:wrap)
2025-03-25 11:39:03,372 DEBUG    root            Chosen display Format:table[no-heading,margin=6,width=80]([0]:label='':align=left:width=22,[1]:label='':align=left:wrap)
2025-03-25 11:39:03,373 DEBUG    root            Chosen display Format:table[no-heading,margin=6,width=80]([0]:label='':align=left:width=22,[1]:label='':align=left:wrap)
2025-03-25 11:39:03,374 DEBUG    root            Chosen display Format:table[no-heading,margin=6,width=80]([0]:label='':align=left:width=22,[1]:label='':align=left:wrap)
2025-03-25 11:39:03,375 DEBUG    root            Chosen display Format:table[no-heading,margin=6,width=80]([0]:label='':align=left:width=22,[1]:label='':align=left:wrap)
2025-03-25 11:39:03,376 DEBUG    root            Chosen display Format:table[no-heading,margin=6,width=80]([0]:label='':align=left:width=22,[1]:label='':align=left:wrap)
2025-03-25 11:39:03,376 DEBUG    root            Chosen display Format:table[no-heading,margin=6,width=80]([0]:label='':align=left:width=22,[1]:label='':align=left:wrap)
2025-03-25 11:39:03,377 DEBUG    root            Chosen display Format:table[no-heading,margin=6,width=80]([0]:label='':align=left:width=22,[1]:label='':align=left:wrap)
2025-03-25 11:39:03,378 DEBUG    root            Chosen display Format:table[no-heading,margin=6,width=80]([0]:label='':align=left:width=22,[1]:label='':align=left:wrap)
2025-03-25 11:39:03,378 DEBUG    root            Chosen display Format:table[no-heading,margin=6,width=80]([0]:label='':align=left:width=22,[1]:label='':align=left:wrap)
2025-03-25 11:39:03,380 DEBUG    root            Chosen display Format:table[no-heading,margin=6,width=80]([0]:label='':align=left:width=22,[1]:label='':align=left:wrap)
2025-03-25 11:39:13,984 INFO     ___FILE_ONLY___ 

Command killed by keyboard interrupt


